Log file open, 08/31/19 15:56:28
LogWindows: Failed to load 'aqProf.dll' (GetLastError=126)
LogWindows: File 'aqProf.dll' does not exist
LogWindows: Failed to load 'VtuneApi.dll' (GetLastError=126)
LogWindows: File 'VtuneApi.dll' does not exist
LogWindows: Failed to load 'VtuneApi32e.dll' (GetLastError=126)
LogWindows: File 'VtuneApi32e.dll' does not exist
LogConsoleResponse: Display: Failed to find resolution value strings in scalability ini. Falling back to default.
LogInit: Display: Running engine for game: EoW
LogPakFile: Registered encryption key '00000000000000000000000000000000': 0 pak files mounted, 0 remain pending
LogPlatformFile: Not using cached read wrapper
LogTaskGraph: Started task graph with 5 named threads and 23 total threads with 3 sets of task threads.
LogStats: Stats thread started at 0.362813
LogD3D11RHI: Loaded GFSDK_Aftermath_Lib.x64.dll
LogICUInternationalization: ICU TimeZone Detection - Raw Offset: -7:00, Platform Override: ''
LogPluginManager: Mounting plugin Paper2D
LogPluginManager: Mounting plugin AISupport
LogPluginManager: Mounting plugin LightPropagationVolume
LogPluginManager: Mounting plugin ActorLayerUtilities
LogPluginManager: Mounting plugin CLionSourceCodeAccess
LogPluginManager: Mounting plugin CodeLiteSourceCodeAccess
LogPluginManager: Mounting plugin GitSourceControl
LogPluginManager: Mounting plugin KDevelopSourceCodeAccess
LogPluginManager: Mounting plugin NullSourceCodeAccess
LogPluginManager: Mounting plugin PerforceSourceControl
LogPluginManager: Mounting plugin SubversionSourceControl
LogPluginManager: Mounting plugin UObjectPlugin
LogPluginManager: Mounting plugin VisualStudioCodeSourceCodeAccess
LogPluginManager: Mounting plugin VisualStudioSourceCodeAccess
LogPluginManager: Mounting plugin XCodeSourceCodeAccess
LogPluginManager: Mounting plugin AssetManagerEditor
LogPluginManager: Mounting plugin CryptoKeys
LogPluginManager: Mounting plugin DataValidation
LogPluginManager: Mounting plugin FacialAnimation
LogPluginManager: Mounting plugin GameplayTagsEditor
LogPluginManager: Mounting plugin MacGraphicsSwitching
LogPluginManager: Mounting plugin MeshEditor
LogPluginManager: Mounting plugin MobileLauncherProfileWizard
LogPluginManager: Mounting plugin PluginBrowser
LogPluginManager: Mounting plugin SpeedTreeImporter
LogPluginManager: Mounting plugin DatasmithContent
LogPluginManager: Mounting plugin VariantManagerContent
LogPluginManager: Mounting plugin AlembicImporter
LogPluginManager: Mounting plugin AppleImageUtils
LogPluginManager: Mounting plugin AppleVision
LogPluginManager: Mounting plugin BackChannel
LogPluginManager: Mounting plugin CharacterAI
LogPluginManager: Mounting plugin GeometryCache
LogPluginManager: Mounting plugin HTML5Networking
LogPluginManager: Mounting plugin ProxyLODPlugin
LogPluginManager: Mounting plugin MagicLeap
LogPluginManager: Mounting plugin MagicLeapMedia
LogPluginManager: Mounting plugin AndroidMedia
LogPluginManager: Mounting plugin AvfMedia
LogPluginManager: Mounting plugin ImgMedia
LogPluginManager: Mounting plugin LinearTimecode
LogPluginManager: Mounting plugin MediaCompositing
LogPluginManager: Mounting plugin MediaPlayerEditor
LogPluginManager: Mounting plugin WebMMedia
LogPluginManager: Mounting plugin WmfMedia
LogPluginManager: Mounting plugin TcpMessaging
LogPluginManager: Mounting plugin UdpMessaging
LogPluginManager: Mounting plugin ActorSequence
LogPluginManager: Mounting plugin LevelSequenceEditor
LogPluginManager: Mounting plugin MatineeToLevelSequence
LogPluginManager: Mounting plugin NetcodeUnitTest
LogPluginManager: Mounting plugin NUTUnrealEngine4
LogPluginManager: Mounting plugin OnlineSubsystemGooglePlay
LogPluginManager: Mounting plugin OnlineSubsystemIOS
LogPluginManager: Mounting plugin OnlineSubsystem
LogPluginManager: Mounting plugin OnlineSubsystemNull
LogPluginManager: Mounting plugin OnlineSubsystemUtils
LogPluginManager: Mounting plugin LauncherChunkInstaller
LogPluginManager: Mounting plugin AndroidDeviceProfileSelector
LogPluginManager: Mounting plugin AndroidMoviePlayer
LogPluginManager: Mounting plugin AndroidPermission
LogPluginManager: Mounting plugin AppleMoviePlayer
LogPluginManager: Mounting plugin ArchVisCharacter
LogPluginManager: Mounting plugin AudioCapture
LogPluginManager: Mounting plugin CableComponent
LogPluginManager: Mounting plugin CustomMeshComponent
LogPluginManager: Mounting plugin EditableMesh
LogPluginManager: Mounting plugin ExampleDeviceProfileSelector
LogPluginManager: Mounting plugin Firebase
LogPluginManager: Mounting plugin GoogleCloudMessaging
LogPluginManager: Mounting plugin IOSDeviceProfileSelector
LogPluginManager: Mounting plugin LinuxDeviceProfileSelector
LogPluginManager: Mounting plugin LocationServicesBPLibrary
LogPluginManager: Mounting plugin MobilePatchingUtils
LogPluginManager: Mounting plugin OculusVR
LogPluginManager: Mounting plugin PhysXVehicles
LogPluginManager: Mounting plugin ProceduralMeshComponent
LogPluginManager: Mounting plugin RuntimePhysXCooking
LogPluginManager: Mounting plugin SteamVR
LogPluginManager: Mounting plugin WebMMoviePlayer
LogPluginManager: Mounting plugin WindowsMoviePlayer
LogStreaming: Display: Took  0.108s to configure plugins.
LogInit: Using libcurl 7.55.1-DEV
LogInit:  - built for x86_64-pc-win32
LogInit:  - supports SSL with OpenSSL/1.0.2h
LogInit:  - supports HTTP deflate (compression) using libz 1.2.8
LogInit:  - other features:
LogInit:      CURL_VERSION_SSL
LogInit:      CURL_VERSION_LIBZ
LogInit:      CURL_VERSION_IPV6
LogInit:      CURL_VERSION_ASYNCHDNS
LogInit:      CURL_VERSION_LARGEFILE
LogInit:      CURL_VERSION_IDN
LogInit:  CurlRequestOptions (configurable via config and command line):
LogInit:  - bVerifyPeer = true  - Libcurl will verify peer certificate
LogInit:  - bUseHttpProxy = false  - Libcurl will NOT use HTTP proxy
LogInit:  - bDontReuseConnections = false  - Libcurl will reuse connections
LogInit:  - MaxHostConnections = 16  - Libcurl will limit the number of connections to a host
LogInit:  - LocalHostAddr = Default
LogInit:  - BufferSize = 65536
LogInit: WinSock: version 1.1 (2.2), MaxSocks=32767, MaxUdp=65467
LogInit: Build: ++UE4+Release-4.21-CL-4753647
LogInit: Engine Version: 4.21.2-4753647+++UE4+Release-4.21
LogInit: Compatible Engine Version: 4.21.0-4541578+++UE4+Release-4.21
LogInit: Net CL: 4541578
LogInit: OS: Windows 10 (), CPU: AMD FX(tm)-9590 Eight-Core Processor           , GPU: NVIDIA GeForce GTX 960
LogInit: Compiled (64-bit): Jan 19 2019 02:07:31
LogInit: Compiled with Visual C++: 19.13.26129.00
LogInit: Build Configuration: Development
LogInit: Branch Name: ++UE4+Release-4.21
LogInit: Command Line: 
LogInit: Base Directory: C:/Program Files/Epic Games/UE_4.21/Engine/Binaries/Win64/
LogInit: Installed Engine Build: 1
LogDevObjectVersion: Number of dev versions registered: 22
LogDevObjectVersion:   Dev-Blueprints (B0D832E4-1F89-4F0D-ACCF-7EB736FD4AA2): 10
LogDevObjectVersion:   Dev-Build (E1C64328-A22C-4D53-A36C-8E866417BD8C): 0
LogDevObjectVersion:   Dev-Core (375EC13C-06E4-48FB-B500-84F0262A717E): 2
LogDevObjectVersion:   Dev-Editor (E4B068ED-F494-42E9-A231-DA0B2E46BB41): 26
LogDevObjectVersion:   Dev-Framework (CFFC743F-43B0-4480-9391-14DF171D2073): 34
LogDevObjectVersion:   Dev-Mobile (B02B49B5-BB20-44E9-A304-32B752E40360): 2
LogDevObjectVersion:   Dev-Networking (A4E4105C-59A1-49B5-A7C5-40C4547EDFEE): 0
LogDevObjectVersion:   Dev-Online (39C831C9-5AE6-47DC-9A44-9C173E1C8E7C): 0
LogDevObjectVersion:   Dev-Physics (78F01B33-EBEA-4F98-B9B4-84EACCB95AA2): 0
LogDevObjectVersion:   Dev-Platform (6631380F-2D4D-43E0-8009-CF276956A95A): 0
LogDevObjectVersion:   Dev-Rendering (12F88B9F-8875-4AFC-A67C-D90C383ABD29): 27
LogDevObjectVersion:   Dev-Sequencer (7B5AE74C-D270-4C10-A958-57980B212A5A): 9
LogDevObjectVersion:   Dev-VR (D7296918-1DD6-4BDD-9DE2-64A83CC13884): 2
LogDevObjectVersion:   Dev-LoadTimes (C2A15278-BFE7-4AFE-6C17-90FF531DF755): 1
LogDevObjectVersion:   Private-Geometry (6EACA3D4-40EC-4CC1-B786-8BED09428FC5): 3
LogDevObjectVersion:   Dev-AnimPhys (29E575DD-E0A3-4627-9D10-D276232CDCEA): 17
LogDevObjectVersion:   Dev-Anim (AF43A65D-7FD3-4947-9873-3E8ED9C1BB05): 2
LogDevObjectVersion:   Dev-ReflectionCapture (6B266CEC-1EC7-4B8F-A30B-E4D90942FC07): 1
LogDevObjectVersion:   Dev-Automation (0DF73D61-A23F-47EA-B727-89E90C41499A): 1
LogDevObjectVersion:   FortniteMain (601D1886-AC64-4F84-AA16-D3DE0DEAC7D6): 17
LogDevObjectVersion:   Dev-Enterprise (9DFFBCD6-494F-0158-E221-12823C92A888): 4
LogDevObjectVersion:   Dev-Niagara (F2AED0AC-9AFE-416F-8664-AA7FFA26D6FC): 1
LogStreaming: Display: Took  0.000s to delete old logs.
LogInit: Presizing for max 8388607 objects, including 0 objects not considered by GC, pre-allocating 0 bytes for permanent pool.
LogInit: Object subsystem initialized
LogConfig: Setting CVar [[con.DebugEarlyDefault:1]]
LogConfig: Setting CVar [[r.setres:1280x720]]
[2019.08.31-22.56.28:875][  0]LogConfig: Setting CVar [[r.VSync:0]]
[2019.08.31-22.56.28:875][  0]LogConfig: Setting CVar [[r.RHICmdBypass:0]]
[2019.08.31-22.56.28:875][  0]LogConfig: Applying CVar settings from Section [/Script/Engine.RendererSettings] File [D:/Users/joshua lee/Documents/GitHub/Enclave-of-Warriors/EoW/Saved/Config/Windows/Engine.ini]
[2019.08.31-22.56.28:875][  0]LogConfig: Setting CVar [[r.GPUCrashDebugging:0]]
[2019.08.31-22.56.28:875][  0]LogConfig: Applying CVar settings from Section [/Script/Engine.RendererOverrideSettings] File [D:/Users/joshua lee/Documents/GitHub/Enclave-of-Warriors/EoW/Saved/Config/Windows/Engine.ini]
[2019.08.31-22.56.28:875][  0]LogConfig: Applying CVar settings from Section [/Script/Engine.StreamingSettings] File [D:/Users/joshua lee/Documents/GitHub/Enclave-of-Warriors/EoW/Saved/Config/Windows/Engine.ini]
[2019.08.31-22.56.28:875][  0]LogConfig: Setting CVar [[s.MinBulkDataSizeForAsyncLoading:131072]]
[2019.08.31-22.56.28:875][  0]LogConfig: Setting CVar [[s.AsyncLoadingThreadEnabled:0]]
[2019.08.31-22.56.28:875][  0]LogConfig: Setting CVar [[s.EventDrivenLoaderEnabled:1]]
[2019.08.31-22.56.28:875][  0]LogConfig: Setting CVar [[s.WarnIfTimeLimitExceeded:0]]
[2019.08.31-22.56.28:875][  0]LogConfig: Setting CVar [[s.TimeLimitExceededMultiplier:1.5]]
[2019.08.31-22.56.28:875][  0]LogConfig: Setting CVar [[s.TimeLimitExceededMinTime:0.005]]
[2019.08.31-22.56.28:875][  0]LogConfig: Setting CVar [[s.UseBackgroundLevelStreaming:1]]
[2019.08.31-22.56.28:875][  0]LogConfig: Setting CVar [[s.PriorityAsyncLoadingExtraTime:15.0]]
[2019.08.31-22.56.28:875][  0]LogConfig: Setting CVar [[s.LevelStreamingActorsUpdateTimeLimit:5.0]]
[2019.08.31-22.56.28:875][  0]LogConfig: Setting CVar [[s.PriorityLevelStreamingActorsUpdateExtraTime:5.0]]
[2019.08.31-22.56.28:875][  0]LogConfig: Setting CVar [[s.LevelStreamingComponentsRegistrationGranularity:10]]
[2019.08.31-22.56.28:875][  0]LogConfig: Setting CVar [[s.UnregisterComponentsTimeLimit:1.0]]
[2019.08.31-22.56.28:875][  0]LogConfig: Setting CVar [[s.LevelStreamingComponentsUnregistrationGranularity:5]]
[2019.08.31-22.56.28:875][  0]LogConfig: Applying CVar settings from Section [/Script/Engine.GarbageCollectionSettings] File [D:/Users/joshua lee/Documents/GitHub/Enclave-of-Warriors/EoW/Saved/Config/Windows/Engine.ini]
[2019.08.31-22.56.28:875][  0]LogConfig: Setting CVar [[gc.MaxObjectsNotConsideredByGC:1]]
[2019.08.31-22.56.28:875][  0]LogConfig: Setting CVar [[gc.SizeOfPermanentObjectPool:0]]
[2019.08.31-22.56.28:875][  0]LogConfig: Setting CVar [[gc.FlushStreamingOnGC:0]]
[2019.08.31-22.56.28:875][  0]LogConfig: Setting CVar [[gc.NumRetriesBeforeForcingGC:10]]
[2019.08.31-22.56.28:875][  0]LogConfig: Setting CVar [[gc.AllowParallelGC:1]]
[2019.08.31-22.56.28:875][  0]LogConfig: Setting CVar [[gc.TimeBetweenPurgingPendingKillObjects:61.1]]
[2019.08.31-22.56.28:875][  0]LogConfig: Setting CVar [[gc.MaxObjectsInEditor:8388607]]
[2019.08.31-22.56.28:875][  0]LogConfig: Setting CVar [[gc.IncrementalBeginDestroyEnabled:1]]
[2019.08.31-22.56.28:875][  0]LogConfig: Setting CVar [[gc.CreateGCClusters:1]]
[2019.08.31-22.56.28:875][  0]LogConfig: Setting CVar [[gc.MergeGCClusters:0]]
[2019.08.31-22.56.28:875][  0]LogConfig: Setting CVar [[gc.MinGCClusterSize:5]]
[2019.08.31-22.56.28:875][  0]LogConfig: Setting CVar [[gc.ActorClusteringEnabled:0]]
[2019.08.31-22.56.28:875][  0]LogConfig: Setting CVar [[gc.BlueprintClusteringEnabled:0]]
[2019.08.31-22.56.28:875][  0]LogConfig: Setting CVar [[gc.UseDisregardForGCOnDedicatedServers:0]]
[2019.08.31-22.56.28:875][  0]LogConfig: Applying CVar settings from Section [/Script/Engine.NetworkSettings] File [D:/Users/joshua lee/Documents/GitHub/Enclave-of-Warriors/EoW/Saved/Config/Windows/Engine.ini]
[2019.08.31-22.56.28:875][  0]LogConfig: Applying CVar settings from Section [/Script/UnrealEd.CookerSettings] File [D:/Users/joshua lee/Documents/GitHub/Enclave-of-Warriors/EoW/Saved/Config/Windows/Engine.ini]
[2019.08.31-22.56.28:879][  0]LogConfig: Applying CVar settings from Section [ViewDistanceQuality@3] File [D:/Users/joshua lee/Documents/GitHub/Enclave-of-Warriors/EoW/Saved/Config/Windows/Scalability.ini]
[2019.08.31-22.56.28:879][  0]LogConfig: Setting CVar [[r.SkeletalMeshLODBias:0]]
[2019.08.31-22.56.28:879][  0]LogConfig: Setting CVar [[r.ViewDistanceScale:1.0]]
[2019.08.31-22.56.28:879][  0]LogConfig: Applying CVar settings from Section [AntiAliasingQuality@3] File [D:/Users/joshua lee/Documents/GitHub/Enclave-of-Warriors/EoW/Saved/Config/Windows/Scalability.ini]
[2019.08.31-22.56.28:880][  0]LogConfig: Setting CVar [[r.PostProcessAAQuality:4]]
[2019.08.31-22.56.28:880][  0]LogConfig: Applying CVar settings from Section [ShadowQuality@3] File [D:/Users/joshua lee/Documents/GitHub/Enclave-of-Warriors/EoW/Saved/Config/Windows/Scalability.ini]
[2019.08.31-22.56.28:880][  0]LogConfig: Setting CVar [[r.LightFunctionQuality:1]]
[2019.08.31-22.56.28:880][  0]LogConfig: Setting CVar [[r.ShadowQuality:5]]
[2019.08.31-22.56.28:880][  0]LogConfig: Setting CVar [[r.Shadow.CSM.MaxCascades:10]]
[2019.08.31-22.56.28:880][  0]LogConfig: Setting CVar [[r.Shadow.MaxResolution:2048]]
[2019.08.31-22.56.28:880][  0]LogConfig: Setting CVar [[r.Shadow.MaxCSMResolution:2048]]
[2019.08.31-22.56.28:880][  0]LogConfig: Setting CVar [[r.Shadow.RadiusThreshold:0.01]]
[2019.08.31-22.56.28:880][  0]LogConfig: Setting CVar [[r.Shadow.DistanceScale:1.0]]
[2019.08.31-22.56.28:880][  0]LogConfig: Setting CVar [[r.Shadow.CSM.TransitionScale:1.0]]
[2019.08.31-22.56.28:880][  0]LogConfig: Setting CVar [[r.Shadow.PreShadowResolutionFactor:1.0]]
[2019.08.31-22.56.28:880][  0]LogConfig: Setting CVar [[r.DistanceFieldShadowing:1]]
[2019.08.31-22.56.28:880][  0]LogConfig: Setting CVar [[r.DistanceFieldAO:1]]
[2019.08.31-22.56.28:880][  0]LogConfig: Setting CVar [[r.AOQuality:2]]
[2019.08.31-22.56.28:880][  0]LogConfig: Setting CVar [[r.VolumetricFog:1]]
[2019.08.31-22.56.28:880][  0]LogConfig: Setting CVar [[r.VolumetricFog.GridPixelSize:8]]
[2019.08.31-22.56.28:880][  0]LogConfig: Setting CVar [[r.VolumetricFog.GridSizeZ:128]]
[2019.08.31-22.56.28:880][  0]LogConfig: Setting CVar [[r.VolumetricFog.HistoryMissSupersampleCount:4]]
[2019.08.31-22.56.28:880][  0]LogConfig: Setting CVar [[r.LightMaxDrawDistanceScale:1]]
[2019.08.31-22.56.28:880][  0]LogConfig: Setting CVar [[r.CapsuleShadows:1]]
[2019.08.31-22.56.28:880][  0]LogConfig: Applying CVar settings from Section [PostProcessQuality@3] File [D:/Users/joshua lee/Documents/GitHub/Enclave-of-Warriors/EoW/Saved/Config/Windows/Scalability.ini]
[2019.08.31-22.56.28:880][  0]LogConfig: Setting CVar [[r.MotionBlurQuality:4]]
[2019.08.31-22.56.28:880][  0]LogConfig: Setting CVar [[r.AmbientOcclusionMipLevelFactor:0.4]]
[2019.08.31-22.56.28:880][  0]LogConfig: Setting CVar [[r.AmbientOcclusionMaxQuality:100]]
[2019.08.31-22.56.28:880][  0]LogConfig: Setting CVar [[r.AmbientOcclusionLevels:-1]]
[2019.08.31-22.56.28:880][  0]LogConfig: Setting CVar [[r.AmbientOcclusionRadiusScale:1.0]]
[2019.08.31-22.56.28:880][  0]LogConfig: Setting CVar [[r.DepthOfFieldQuality:2]]
[2019.08.31-22.56.28:880][  0]LogConfig: Setting CVar [[r.RenderTargetPoolMin:400]]
[2019.08.31-22.56.28:880][  0]LogConfig: Setting CVar [[r.LensFlareQuality:2]]
[2019.08.31-22.56.28:880][  0]LogConfig: Setting CVar [[r.SceneColorFringeQuality:1]]
[2019.08.31-22.56.28:880][  0]LogConfig: Setting CVar [[r.EyeAdaptationQuality:2]]
[2019.08.31-22.56.28:880][  0]LogConfig: Setting CVar [[r.BloomQuality:5]]
[2019.08.31-22.56.28:880][  0]LogConfig: Setting CVar [[r.FastBlurThreshold:100]]
[2019.08.31-22.56.28:880][  0]LogConfig: Setting CVar [[r.Upscale.Quality:3]]
[2019.08.31-22.56.28:880][  0]LogConfig: Setting CVar [[r.Tonemapper.GrainQuantization:1]]
[2019.08.31-22.56.28:880][  0]LogConfig: Setting CVar [[r.LightShaftQuality:1]]
[2019.08.31-22.56.28:880][  0]LogConfig: Setting CVar [[r.Filter.SizeScale:1]]
[2019.08.31-22.56.28:880][  0]LogConfig: Setting CVar [[r.Tonemapper.Quality:5]]
[2019.08.31-22.56.28:880][  0]LogConfig: Setting CVar [[r.DOF.Gather.AccumulatorQuality:1        ; higher gathering accumulator quality]]
[2019.08.31-22.56.28:880][  0]LogConfig: Setting CVar [[r.DOF.Gather.PostfilterMethod:1          ; Median3x3 postfilering method]]
[2019.08.31-22.56.28:880][  0]LogConfig: Setting CVar [[r.DOF.Gather.EnableBokehSettings:0       ; no bokeh simulation when gathering]]
[2019.08.31-22.56.28:880][  0]LogConfig: Setting CVar [[r.DOF.Gather.RingCount:4                 ; medium number of samples when gathering]]
[2019.08.31-22.56.28:880][  0]LogConfig: Setting CVar [[r.DOF.Scatter.ForegroundCompositing:1    ; additive foreground scattering]]
[2019.08.31-22.56.28:880][  0]LogConfig: Setting CVar [[r.DOF.Scatter.BackgroundCompositing:2    ; additive background scattering]]
[2019.08.31-22.56.28:880][  0]LogConfig: Setting CVar [[r.DOF.Scatter.EnableBokehSettings:1      ; bokeh simulation when scattering]]
[2019.08.31-22.56.28:880][  0]LogConfig: Setting CVar [[r.DOF.Scatter.MaxSpriteRatio:0.1         ; only a maximum of 10% of scattered bokeh]]
[2019.08.31-22.56.28:880][  0]LogConfig: Setting CVar [[r.DOF.Recombine.Quality:1                ; cheap slight out of focus]]
[2019.08.31-22.56.28:880][  0]LogConfig: Setting CVar [[r.DOF.Recombine.EnableBokehSettings:0    ; no bokeh simulation on slight out of focus]]
[2019.08.31-22.56.28:880][  0]LogConfig: Setting CVar [[r.DOF.TemporalAAQuality:1                ; more stable temporal accumulation]]
[2019.08.31-22.56.28:880][  0]LogConfig: Setting CVar [[r.DOF.Kernel.MaxForegroundRadius:0.025]]
[2019.08.31-22.56.28:880][  0]LogConfig: Setting CVar [[r.DOF.Kernel.MaxBackgroundRadius:0.025]]
[2019.08.31-22.56.28:880][  0]LogConfig: Applying CVar settings from Section [TextureQuality@3] File [D:/Users/joshua lee/Documents/GitHub/Enclave-of-Warriors/EoW/Saved/Config/Windows/Scalability.ini]
[2019.08.31-22.56.28:880][  0]LogConfig: Setting CVar [[r.Streaming.MipBias:0]]
[2019.08.31-22.56.28:880][  0]LogConfig: Setting CVar [[r.Streaming.AmortizeCPUToGPUCopy:0]]
[2019.08.31-22.56.28:880][  0]LogConfig: Setting CVar [[r.Streaming.MaxNumTexturesToStreamPerFrame:0]]
[2019.08.31-22.56.28:880][  0]LogConfig: Setting CVar [[r.Streaming.Boost:1]]
[2019.08.31-22.56.28:881][  0]LogConfig: Setting CVar [[r.MaxAnisotropy:8]]
[2019.08.31-22.56.28:881][  0]LogConfig: Setting CVar [[r.Streaming.LimitPoolSizeToVRAM:0]]
[2019.08.31-22.56.28:881][  0]LogConfig: Setting CVar [[r.Streaming.PoolSize:1000]]
[2019.08.31-22.56.28:881][  0]LogConfig: Setting CVar [[r.Streaming.MaxEffectiveScreenSize:0]]
[2019.08.31-22.56.28:881][  0]LogConfig: Applying CVar settings from Section [EffectsQuality@3] File [D:/Users/joshua lee/Documents/GitHub/Enclave-of-Warriors/EoW/Saved/Config/Windows/Scalability.ini]
[2019.08.31-22.56.28:881][  0]LogConfig: Setting CVar [[r.TranslucencyLightingVolumeDim:64]]
[2019.08.31-22.56.28:881][  0]LogConfig: Setting CVar [[r.RefractionQuality:2]]
[2019.08.31-22.56.28:881][  0]LogConfig: Setting CVar [[r.SSR.Quality:3]]
[2019.08.31-22.56.28:881][  0]LogConfig: Setting CVar [[r.SceneColorFormat:4]]
[2019.08.31-22.56.28:881][  0]LogConfig: Setting CVar [[r.DetailMode:2]]
[2019.08.31-22.56.28:881][  0]LogConfig: Setting CVar [[r.TranslucencyVolumeBlur:1]]
[2019.08.31-22.56.28:881][  0]LogConfig: Setting CVar [[r.MaterialQualityLevel:1 ; High quality]]
[2019.08.31-22.56.28:881][  0]LogConfig: Setting CVar [[r.SSS.Scale:1]]
[2019.08.31-22.56.28:881][  0]LogConfig: Setting CVar [[r.SSS.SampleSet:2]]
[2019.08.31-22.56.28:881][  0]LogConfig: Setting CVar [[r.SSS.Quality:1]]
[2019.08.31-22.56.28:881][  0]LogConfig: Setting CVar [[r.SSS.HalfRes:1]]
[2019.08.31-22.56.28:881][  0]LogConfig: Setting CVar [[r.EmitterSpawnRateScale:1.0]]
[2019.08.31-22.56.28:881][  0]LogConfig: Setting CVar [[r.ParticleLightQuality:2]]
[2019.08.31-22.56.28:881][  0]LogConfig: Applying CVar settings from Section [FoliageQuality@3] File [D:/Users/joshua lee/Documents/GitHub/Enclave-of-Warriors/EoW/Saved/Config/Windows/Scalability.ini]
[2019.08.31-22.56.28:881][  0]LogConfig: Setting CVar [[foliage.DensityScale:1.0]]
[2019.08.31-22.56.28:881][  0]LogConfig: Setting CVar [[grass.DensityScale:1.0]]
[2019.08.31-22.56.28:881][  0]LogInit: Selected Device Profile: [Windows]
[2019.08.31-22.56.28:881][  0]LogInit: Applying CVar settings loaded from the selected device profile: [Windows]
[2019.08.31-22.56.28:893][  0]LogHAL: Display: Platform has ~ 16 GB [17141018624 / 17179869184 / 16], which maps to Larger [LargestMinGB=32, LargerMinGB=12, DefaultMinGB=8, SmallerMinGB=6, SmallestMinGB=0)
[2019.08.31-22.56.28:893][  0]LogConfig: Setting CVar [[r.Vulkan.UseRealUBs:1]]
[2019.08.31-22.56.28:893][  0]LogInit: Going up to parent DeviceProfile []
[2019.08.31-22.56.28:893][  0]LogConfig: Applying CVar settings from Section [ViewDistanceQuality@3] File [D:/Users/joshua lee/Documents/GitHub/Enclave-of-Warriors/EoW/Saved/Config/Windows/Scalability.ini]
[2019.08.31-22.56.28:893][  0]LogConfig: Setting CVar [[r.SkeletalMeshLODBias:0]]
[2019.08.31-22.56.28:893][  0]LogConfig: Setting CVar [[r.ViewDistanceScale:1.0]]
[2019.08.31-22.56.28:893][  0]LogConfig: Applying CVar settings from Section [AntiAliasingQuality@3] File [D:/Users/joshua lee/Documents/GitHub/Enclave-of-Warriors/EoW/Saved/Config/Windows/Scalability.ini]
[2019.08.31-22.56.28:893][  0]LogConfig: Setting CVar [[r.PostProcessAAQuality:4]]
[2019.08.31-22.56.28:893][  0]LogConfig: Applying CVar settings from Section [ShadowQuality@3] File [D:/Users/joshua lee/Documents/GitHub/Enclave-of-Warriors/EoW/Saved/Config/Windows/Scalability.ini]
[2019.08.31-22.56.28:893][  0]LogConfig: Setting CVar [[r.LightFunctionQuality:1]]
[2019.08.31-22.56.28:893][  0]LogConfig: Setting CVar [[r.ShadowQuality:5]]
[2019.08.31-22.56.28:893][  0]LogConfig: Setting CVar [[r.Shadow.CSM.MaxCascades:10]]
[2019.08.31-22.56.28:893][  0]LogConfig: Setting CVar [[r.Shadow.MaxResolution:2048]]
[2019.08.31-22.56.28:893][  0]LogConfig: Setting CVar [[r.Shadow.MaxCSMResolution:2048]]
[2019.08.31-22.56.28:893][  0]LogConfig: Setting CVar [[r.Shadow.RadiusThreshold:0.01]]
[2019.08.31-22.56.28:893][  0]LogConfig: Setting CVar [[r.Shadow.DistanceScale:1.0]]
[2019.08.31-22.56.28:893][  0]LogConfig: Setting CVar [[r.Shadow.CSM.TransitionScale:1.0]]
[2019.08.31-22.56.28:893][  0]LogConfig: Setting CVar [[r.Shadow.PreShadowResolutionFactor:1.0]]
[2019.08.31-22.56.28:893][  0]LogConfig: Setting CVar [[r.DistanceFieldShadowing:1]]
[2019.08.31-22.56.28:893][  0]LogConfig: Setting CVar [[r.DistanceFieldAO:1]]
[2019.08.31-22.56.28:893][  0]LogConfig: Setting CVar [[r.AOQuality:2]]
[2019.08.31-22.56.28:893][  0]LogConfig: Setting CVar [[r.VolumetricFog:1]]
[2019.08.31-22.56.28:893][  0]LogConfig: Setting CVar [[r.VolumetricFog.GridPixelSize:8]]
[2019.08.31-22.56.28:894][  0]LogConfig: Setting CVar [[r.VolumetricFog.GridSizeZ:128]]
[2019.08.31-22.56.28:894][  0]LogConfig: Setting CVar [[r.VolumetricFog.HistoryMissSupersampleCount:4]]
[2019.08.31-22.56.28:894][  0]LogConfig: Setting CVar [[r.LightMaxDrawDistanceScale:1]]
[2019.08.31-22.56.28:894][  0]LogConfig: Setting CVar [[r.CapsuleShadows:1]]
[2019.08.31-22.56.28:894][  0]LogConfig: Applying CVar settings from Section [PostProcessQuality@3] File [D:/Users/joshua lee/Documents/GitHub/Enclave-of-Warriors/EoW/Saved/Config/Windows/Scalability.ini]
[2019.08.31-22.56.28:894][  0]LogConfig: Setting CVar [[r.MotionBlurQuality:4]]
[2019.08.31-22.56.28:894][  0]LogConfig: Setting CVar [[r.AmbientOcclusionMipLevelFactor:0.4]]
[2019.08.31-22.56.28:894][  0]LogConfig: Setting CVar [[r.AmbientOcclusionMaxQuality:100]]
[2019.08.31-22.56.28:894][  0]LogConfig: Setting CVar [[r.AmbientOcclusionLevels:-1]]
[2019.08.31-22.56.28:894][  0]LogConfig: Setting CVar [[r.AmbientOcclusionRadiusScale:1.0]]
[2019.08.31-22.56.28:894][  0]LogConfig: Setting CVar [[r.DepthOfFieldQuality:2]]
[2019.08.31-22.56.28:894][  0]LogConfig: Setting CVar [[r.RenderTargetPoolMin:400]]
[2019.08.31-22.56.28:894][  0]LogConfig: Setting CVar [[r.LensFlareQuality:2]]
[2019.08.31-22.56.28:894][  0]LogConfig: Setting CVar [[r.SceneColorFringeQuality:1]]
[2019.08.31-22.56.28:894][  0]LogConfig: Setting CVar [[r.EyeAdaptationQuality:2]]
[2019.08.31-22.56.28:894][  0]LogConfig: Setting CVar [[r.BloomQuality:5]]
[2019.08.31-22.56.28:894][  0]LogConfig: Setting CVar [[r.FastBlurThreshold:100]]
[2019.08.31-22.56.28:894][  0]LogConfig: Setting CVar [[r.Upscale.Quality:3]]
[2019.08.31-22.56.28:894][  0]LogConfig: Setting CVar [[r.Tonemapper.GrainQuantization:1]]
[2019.08.31-22.56.28:894][  0]LogConfig: Setting CVar [[r.LightShaftQuality:1]]
[2019.08.31-22.56.28:894][  0]LogConfig: Setting CVar [[r.Filter.SizeScale:1]]
[2019.08.31-22.56.28:894][  0]LogConfig: Setting CVar [[r.Tonemapper.Quality:5]]
[2019.08.31-22.56.28:894][  0]LogConfig: Setting CVar [[r.DOF.Gather.AccumulatorQuality:1        ; higher gathering accumulator quality]]
[2019.08.31-22.56.28:894][  0]LogConfig: Setting CVar [[r.DOF.Gather.PostfilterMethod:1          ; Median3x3 postfilering method]]
[2019.08.31-22.56.28:894][  0]LogConfig: Setting CVar [[r.DOF.Gather.EnableBokehSettings:0       ; no bokeh simulation when gathering]]
[2019.08.31-22.56.28:894][  0]LogConfig: Setting CVar [[r.DOF.Gather.RingCount:4                 ; medium number of samples when gathering]]
[2019.08.31-22.56.28:894][  0]LogConfig: Setting CVar [[r.DOF.Scatter.ForegroundCompositing:1    ; additive foreground scattering]]
[2019.08.31-22.56.28:894][  0]LogConfig: Setting CVar [[r.DOF.Scatter.BackgroundCompositing:2    ; additive background scattering]]
[2019.08.31-22.56.28:894][  0]LogConfig: Setting CVar [[r.DOF.Scatter.EnableBokehSettings:1      ; bokeh simulation when scattering]]
[2019.08.31-22.56.28:894][  0]LogConfig: Setting CVar [[r.DOF.Scatter.MaxSpriteRatio:0.1         ; only a maximum of 10% of scattered bokeh]]
[2019.08.31-22.56.28:894][  0]LogConfig: Setting CVar [[r.DOF.Recombine.Quality:1                ; cheap slight out of focus]]
[2019.08.31-22.56.28:894][  0]LogConfig: Setting CVar [[r.DOF.Recombine.EnableBokehSettings:0    ; no bokeh simulation on slight out of focus]]
[2019.08.31-22.56.28:894][  0]LogConfig: Setting CVar [[r.DOF.TemporalAAQuality:1                ; more stable temporal accumulation]]
[2019.08.31-22.56.28:894][  0]LogConfig: Setting CVar [[r.DOF.Kernel.MaxForegroundRadius:0.025]]
[2019.08.31-22.56.28:894][  0]LogConfig: Setting CVar [[r.DOF.Kernel.MaxBackgroundRadius:0.025]]
[2019.08.31-22.56.28:894][  0]LogConfig: Applying CVar settings from Section [TextureQuality@3] File [D:/Users/joshua lee/Documents/GitHub/Enclave-of-Warriors/EoW/Saved/Config/Windows/Scalability.ini]
[2019.08.31-22.56.28:894][  0]LogConfig: Setting CVar [[r.Streaming.MipBias:0]]
[2019.08.31-22.56.28:894][  0]LogConfig: Setting CVar [[r.Streaming.AmortizeCPUToGPUCopy:0]]
[2019.08.31-22.56.28:894][  0]LogConfig: Setting CVar [[r.Streaming.MaxNumTexturesToStreamPerFrame:0]]
[2019.08.31-22.56.28:894][  0]LogConfig: Setting CVar [[r.Streaming.Boost:1]]
[2019.08.31-22.56.28:894][  0]LogConfig: Setting CVar [[r.MaxAnisotropy:8]]
[2019.08.31-22.56.28:894][  0]LogConfig: Setting CVar [[r.Streaming.LimitPoolSizeToVRAM:0]]
[2019.08.31-22.56.28:894][  0]LogConfig: Setting CVar [[r.Streaming.PoolSize:1000]]
[2019.08.31-22.56.28:894][  0]LogConfig: Setting CVar [[r.Streaming.MaxEffectiveScreenSize:0]]
[2019.08.31-22.56.28:894][  0]LogConfig: Applying CVar settings from Section [EffectsQuality@3] File [D:/Users/joshua lee/Documents/GitHub/Enclave-of-Warriors/EoW/Saved/Config/Windows/Scalability.ini]
[2019.08.31-22.56.28:894][  0]LogConfig: Setting CVar [[r.TranslucencyLightingVolumeDim:64]]
[2019.08.31-22.56.28:894][  0]LogConfig: Setting CVar [[r.RefractionQuality:2]]
[2019.08.31-22.56.28:894][  0]LogConfig: Setting CVar [[r.SSR.Quality:3]]
[2019.08.31-22.56.28:895][  0]LogConfig: Setting CVar [[r.SceneColorFormat:4]]
[2019.08.31-22.56.28:895][  0]LogConfig: Setting CVar [[r.DetailMode:2]]
[2019.08.31-22.56.28:895][  0]LogConfig: Setting CVar [[r.TranslucencyVolumeBlur:1]]
[2019.08.31-22.56.28:895][  0]LogConfig: Setting CVar [[r.MaterialQualityLevel:1 ; High quality]]
[2019.08.31-22.56.28:895][  0]LogConfig: Setting CVar [[r.SSS.Scale:1]]
[2019.08.31-22.56.28:895][  0]LogConfig: Setting CVar [[r.SSS.SampleSet:2]]
[2019.08.31-22.56.28:895][  0]LogConfig: Setting CVar [[r.SSS.Quality:1]]
[2019.08.31-22.56.28:895][  0]LogConfig: Setting CVar [[r.SSS.HalfRes:1]]
[2019.08.31-22.56.28:895][  0]LogConfig: Setting CVar [[r.EmitterSpawnRateScale:1.0]]
[2019.08.31-22.56.28:895][  0]LogConfig: Setting CVar [[r.ParticleLightQuality:2]]
[2019.08.31-22.56.28:895][  0]LogConfig: Applying CVar settings from Section [FoliageQuality@3] File [D:/Users/joshua lee/Documents/GitHub/Enclave-of-Warriors/EoW/Saved/Config/Windows/Scalability.ini]
[2019.08.31-22.56.28:895][  0]LogConfig: Setting CVar [[foliage.DensityScale:1.0]]
[2019.08.31-22.56.28:895][  0]LogConfig: Setting CVar [[grass.DensityScale:1.0]]
[2019.08.31-22.56.28:895][  0]LogConfig: Applying CVar settings from Section [Startup] File [../../../Engine/Config/ConsoleVariables.ini]
[2019.08.31-22.56.28:895][  0]LogConfig: Setting CVar [[net.UseAdaptiveNetUpdateFrequency:0]]
[2019.08.31-22.56.28:895][  0]LogConfig: Applying CVar settings from Section [ConsoleVariables] File [D:/Users/joshua lee/Documents/GitHub/Enclave-of-Warriors/EoW/Saved/Config/Windows/Engine.ini]
[2019.08.31-22.56.28:895][  0]LogInit: Computer: BLACKJACK
[2019.08.31-22.56.28:895][  0]LogInit: User: joshualee
[2019.08.31-22.56.28:895][  0]LogInit: CPU Page size=4096, Cores=4
[2019.08.31-22.56.28:895][  0]LogInit: High frequency timer resolution =10.000000 MHz
[2019.08.31-22.56.28:896][  0]LogMemory: Memory total: Physical=16.0GB (16GB approx)
[2019.08.31-22.56.28:896][  0]LogMemory: Platform Memory Stats for Windows
[2019.08.31-22.56.28:896][  0]LogMemory: Process Physical Memory: 107.23 MB used, 107.24 MB peak
[2019.08.31-22.56.28:896][  0]LogMemory: Process Virtual Memory: 90.05 MB used, 90.05 MB peak
[2019.08.31-22.56.28:896][  0]LogMemory: Physical Memory: 6519.57 MB used,  9827.38 MB free, 16346.95 MB total
[2019.08.31-22.56.28:896][  0]LogMemory: Virtual Memory: 4634.80 MB used,  134213096.00 MB free, 134217728.00 MB total
[2019.08.31-22.56.29:044][  0]LogInit: Using OS detected language (en-US).
[2019.08.31-22.56.29:044][  0]LogInit: Using OS detected locale (en-US).
[2019.08.31-22.56.29:045][  0]LogTextLocalizationManager: No specific localization for 'en-US' exists, so the 'en' localization will be used.
[2019.08.31-22.56.29:497][  0]LogStreaming: Display: Took  0.453s to InitEngineTextLocalization.
[2019.08.31-22.56.29:497][  0]LogInit: Setting process to per monitor DPI aware
[2019.08.31-22.56.29:540][  0]LogSlate: New Slate User Created.  User Index 0, Is Virtual User: 0
[2019.08.31-22.56.29:540][  0]LogSlate: Slate User Registered.  User Index 0, Is Virtual User: 0
[2019.08.31-22.56.29:781][  0]LogHMD: Failed to initialize OpenVR with code 110
[2019.08.31-22.56.29:781][  0]LogD3D11RHI: D3D11 adapters:
[2019.08.31-22.56.29:878][  0]LogD3D11RHI:    0. 'NVIDIA GeForce GTX 960' (Feature Level 11_0)
[2019.08.31-22.56.29:878][  0]LogD3D11RHI:       4053/0/8173 MB DedicatedVideo/DedicatedSystem/SharedSystem, Outputs:1, VendorId:0x10de
[2019.08.31-22.56.29:886][  0]LogD3D11RHI:    1. 'Microsoft Basic Render Driver' (Feature Level 11_0)
[2019.08.31-22.56.29:886][  0]LogD3D11RHI:       0/0/8173 MB DedicatedVideo/DedicatedSystem/SharedSystem, Outputs:0, VendorId:0x1414
[2019.08.31-22.56.29:886][  0]LogD3D11RHI: Chosen D3D11 Adapter: 0
[2019.08.31-22.56.29:898][  0]LogD3D11RHI: Creating new Direct3DDevice
[2019.08.31-22.56.29:898][  0]LogD3D11RHI:     GPU DeviceId: 0x1401 (for the marketing name, search the web for "GPU Device Id")
[2019.08.31-22.56.29:898][  0]LogWindows: EnumDisplayDevices:
[2019.08.31-22.56.29:899][  0]LogWindows:    0. 'NVIDIA GeForce GTX 960' (P:1 D:1)
[2019.08.31-22.56.29:899][  0]LogWindows:    1. 'NVIDIA GeForce GTX 960' (P:0 D:0)
[2019.08.31-22.56.29:900][  0]LogWindows:    2. 'NVIDIA GeForce GTX 960' (P:0 D:0)
[2019.08.31-22.56.29:900][  0]LogWindows:    3. 'NVIDIA GeForce GTX 960' (P:0 D:0)
[2019.08.31-22.56.29:900][  0]LogWindows: DebugString: FoundDriverCount:4 
[2019.08.31-22.56.29:900][  0]LogD3D11RHI:     Adapter Name: NVIDIA GeForce GTX 960
[2019.08.31-22.56.29:900][  0]LogD3D11RHI:   Driver Version: 436.02 (internal:26.21.14.3602, unified:436.02)
[2019.08.31-22.56.29:900][  0]LogD3D11RHI:      Driver Date: 8-16-2019
[2019.08.31-22.56.29:900][  0]LogRHI: Texture pool is 2837 MB (70% of 4053 MB)
[2019.08.31-22.56.29:971][  0]LogD3D11RHI: Async texture creation enabled
[2019.08.31-22.56.29:984][  0]LogD3D11RHI: GPU Timing Frequency: 1000.000000 (Debug: 2 1)
[2019.08.31-22.56.30:551][  0]LogTemp: Display: Loaded TP AllDesktopTargetPlatform
[2019.08.31-22.56.30:569][  0]LogTemp: Display: Loaded TP MacClientTargetPlatform
[2019.08.31-22.56.30:587][  0]LogTemp: Display: Loaded TP MacNoEditorTargetPlatform
[2019.08.31-22.56.30:605][  0]LogTemp: Display: Loaded TP MacServerTargetPlatform
[2019.08.31-22.56.30:623][  0]LogTemp: Display: Loaded TP MacTargetPlatform
[2019.08.31-22.56.30:641][  0]LogTemp: Display: Loaded TP WindowsClientTargetPlatform
[2019.08.31-22.56.30:659][  0]LogTemp: Display: Loaded TP WindowsNoEditorTargetPlatform
[2019.08.31-22.56.30:679][  0]LogTemp: Display: Loaded TP WindowsServerTargetPlatform
[2019.08.31-22.56.30:689][  0]LogTemp: Display: Loaded TP WindowsTargetPlatform
[2019.08.31-22.56.30:790][  0]LogTemp: Display: Loaded TP AndroidTargetPlatform
[2019.08.31-22.56.30:790][  0]LogTemp: Display: Loaded TP AndroidTargetPlatform
[2019.08.31-22.56.30:790][  0]LogTemp: Display: Loaded TP AndroidTargetPlatform
[2019.08.31-22.56.30:790][  0]LogTemp: Display: Loaded TP AndroidTargetPlatform
[2019.08.31-22.56.30:790][  0]LogTemp: Display: Loaded TP AndroidTargetPlatform
[2019.08.31-22.56.30:790][  0]LogTemp: Display: Loaded TP AndroidTargetPlatform
[2019.08.31-22.56.30:790][  0]LogTemp: Display: Loaded TP AndroidTargetPlatform
[2019.08.31-22.56.30:790][  0]LogTemp: Display: Loaded TP AndroidTargetPlatform
[2019.08.31-22.56.30:790][  0]LogTemp: Display: Loaded TP AndroidTargetPlatform
[2019.08.31-22.56.30:790][  0]LogTemp: Display: Loaded TP AndroidTargetPlatform
[2019.08.31-22.56.30:790][  0]LogTemp: Display: Loaded TP AndroidTargetPlatform
[2019.08.31-22.56.30:790][  0]LogTemp: Display: Loaded TP AndroidTargetPlatform
[2019.08.31-22.56.30:790][  0]LogTemp: Display: Loaded TP AndroidTargetPlatform
[2019.08.31-22.56.30:790][  0]LogTemp: Display: Loaded TP AndroidTargetPlatform
[2019.08.31-22.56.30:790][  0]LogTemp: Display: Loaded TP AndroidTargetPlatform
[2019.08.31-22.56.30:790][  0]LogTemp: Display: Loaded TP AndroidTargetPlatform
[2019.08.31-22.56.30:790][  0]LogTemp: Display: Loaded TP AndroidTargetPlatform
[2019.08.31-22.56.30:790][  0]LogTemp: Display: Loaded TP AndroidTargetPlatform
[2019.08.31-22.56.30:794][  0]LogTemp: Display: Loaded TP HTML5TargetPlatform
[2019.08.31-22.56.30:866][  0]LogTemp: Display: Loaded TP IOSTargetPlatform
[2019.08.31-22.56.30:866][  0]LogTemp: Display: Loaded TP IOSTargetPlatform
[2019.08.31-22.56.30:897][  0]LogTemp: Display: Loaded TP TVOSTargetPlatform
[2019.08.31-22.56.30:897][  0]LogTemp: Display: Loaded TP TVOSTargetPlatform
[2019.08.31-22.56.30:915][  0]LogTemp: Display: Loaded TP LinuxClientTargetPlatform
[2019.08.31-22.56.30:935][  0]LogTemp: Display: Loaded TP LinuxNoEditorTargetPlatform
[2019.08.31-22.56.30:952][  0]LogTemp: Display: Loaded TP LinuxServerTargetPlatform
[2019.08.31-22.56.30:971][  0]LogTemp: Display: Loaded TP LinuxTargetPlatform
[2019.08.31-22.56.31:036][  0]LogTemp: Display: Loaded TP LuminTargetPlatform
[2019.08.31-22.56.31:036][  0]LogTemp: Display: Loaded TP LuminTargetPlatform
[2019.08.31-22.56.31:036][  0]LogTargetPlatformManager: Display: Building Assets For Windows
[2019.08.31-22.56.31:134][  0]LogShaderCompilers: Guid format shader working directory is -10 characters bigger than the processId version (D:/Users/joshua lee/Documents/GitHub/Enclave-of-Warriors/EoW/Intermediate/Shaders/WorkingDirectory/23768/).
[2019.08.31-22.56.31:135][  0]LogShaderCompilers: Cleaned the shader compiler working directory 'C:/Users/joshua lee/AppData/Local/Temp/UnrealShaderWorkingDir/E253AF25497E0935C8727981E7E5B492/'.
[2019.08.31-22.56.31:138][  0]LogXGEController: Cleaning working directory: C:/Users/joshua lee/AppData/Local/Temp/UnrealXGEWorkingDir/
[2019.08.31-22.56.31:138][  0]LogXGEController: Cannot use XGE Controller as Incredibuild is not installed on this machine.
[2019.08.31-22.56.31:138][  0]LogShaderCompilers: Cannot use XGE Shader Compiler as Incredibuild is not installed on this machine.
[2019.08.31-22.56.31:138][  0]LogShaderCompilers: Display: Using Local Shader Compiler.
[2019.08.31-22.56.31:876][  0]LogDerivedDataCache: Display: Max Cache Size: 512 MB
[2019.08.31-22.56.31:954][  0]LogDerivedDataCache: Loaded boot cache 0.08s 71MB C:/Users/joshua lee/AppData/Local/UnrealEngine/4.21/DerivedDataCache/Boot.ddc.
[2019.08.31-22.56.31:954][  0]LogDerivedDataCache: Display: Loaded Boot cache: C:/Users/joshua lee/AppData/Local/UnrealEngine/4.21/DerivedDataCache/Boot.ddc
[2019.08.31-22.56.31:954][  0]LogDerivedDataCache: FDerivedDataBackendGraph:  Pak pak cache file D:/Users/joshua lee/Documents/GitHub/Enclave-of-Warriors/EoW/DerivedDataCache/DDC.ddp not found, will not use a pak cache.
[2019.08.31-22.56.31:954][  0]LogDerivedDataCache: Unable to find inner node Pak for hierarchical cache Hierarchy.
[2019.08.31-22.56.31:954][  0]LogDerivedDataCache: FDerivedDataBackendGraph:  CompressedPak pak cache file D:/Users/joshua lee/Documents/GitHub/Enclave-of-Warriors/EoW/DerivedDataCache/Compressed.ddp not found, will not use a pak cache.
[2019.08.31-22.56.31:954][  0]LogDerivedDataCache: Unable to find inner node CompressedPak for hierarchical cache Hierarchy.
[2019.08.31-22.56.31:974][  0]LogDerivedDataCache: Display: Pak cache opened for reading ../../../Engine/DerivedDataCache/Compressed.ddp.
[2019.08.31-22.56.31:974][  0]LogDerivedDataCache: FDerivedDataBackendGraph:  EnterprisePak pak cache file ../../../Enterprise/DerivedDataCache/Compressed.ddp not found, will not use a pak cache.
[2019.08.31-22.56.31:974][  0]LogDerivedDataCache: Unable to find inner node EnterprisePak for hierarchical cache Hierarchy.
[2019.08.31-22.56.31:987][  0]LogDerivedDataCache: Using Local data cache path C:/Users/joshua lee/AppData/Local/UnrealEngine/Common/DerivedDataCache: Writable
[2019.08.31-22.56.31:987][  0]LogDerivedDataCache: Shared data cache path not found in *engine.ini, will not use an Shared cache.
[2019.08.31-22.56.31:987][  0]LogDerivedDataCache: Unable to find inner node Shared for hierarchical cache Hierarchy.
[2019.08.31-22.56.32:019][  0]LogMaterial: Verifying Global Shaders for PCD3D_SM5
[2019.08.31-22.56.32:020][  0]LogSlate: Using FreeType 2.6.0
[2019.08.31-22.56.32:023][  0]LogSlate: SlateFontServices - WITH_FREETYPE: 1, WITH_HARFBUZZ: 1
[2019.08.31-22.56.32:123][  0]LogAssetRegistry: FAssetRegistry took 0.0372 seconds to start up
[2019.08.31-22.56.32:591][  0]LogInit: Selected Device Profile: [Windows]
[2019.08.31-22.56.32:787][  0]LogSimplygon: Simplygon DLL not present - disabling.
[2019.08.31-22.56.32:795][  0]LogMeshReduction: Using SimplygonSwarm for distributed automatic mesh merging
[2019.08.31-22.56.32:795][  0]LogMeshReduction: Using ProxyLODMeshReduction for automatic mesh merging
[2019.08.31-22.56.32:795][  0]LogMeshReduction: Using QuadricMeshReduction for automatic static mesh reduction
[2019.08.31-22.56.32:795][  0]LogMeshReduction: No automatic skeletal mesh reduction module available
[2019.08.31-22.56.32:815][  0]LogNetVersion: EoW 1.0.0, NetCL: 4541578, EngineNetVer: 5, GameNetVer: 0 (Checksum: 4095767308)
[2019.08.31-22.56.33:427][  0]LogPackageLocalizationCache: Processed 11 localized package path(s) for 2 prioritized culture(s) in 0.096104 seconds
[2019.08.31-22.56.33:435][  0]LogUObjectArray: 39775 objects as part of root set at end of initial load.
[2019.08.31-22.56.33:435][  0]LogUObjectAllocator: 6914656 out of 0 bytes used by permanent object pool.
[2019.08.31-22.56.33:435][  0]LogUObjectArray: CloseDisregardForGC: 0/0 objects in disregard for GC pool
[2019.08.31-22.56.34:498][  0]LogTcpMessaging: Initializing TcpMessaging bridge
[2019.08.31-22.56.34:513][  0]LogUdpMessaging: Initializing bridge on interface 0.0.0.0:0 to multicast group 230.0.0.1:6666.
[2019.08.31-22.56.35:334][  0]SourceControl: Source control is disabled
[2019.08.31-22.56.35:334][  0]SourceControl: Source control is disabled
[2019.08.31-22.56.35:340][  0]SourceControl: Source control is disabled
[2019.08.31-22.56.35:342][  0]SourceControl: Source control is disabled
[2019.08.31-22.56.35:598][  0]LogAndroidPermission: UAndroidPermissionCallbackProxy::GetInstance
[2019.08.31-22.56.35:896][  0]LogOcInput: OculusInput pre-init called
[2019.08.31-22.56.36:053][  0]LogEngine: Initializing Engine...
[2019.08.31-22.56.36:054][  0]LogHMD: Failed to initialize OpenVR with code 110
[2019.08.31-22.56.36:056][  0]LogStats: UGameplayTagsManager::ConstructGameplayTagTree: ImportINI prefixes -  0.000 s
[2019.08.31-22.56.36:056][  0]LogStats: UGameplayTagsManager::ConstructGameplayTagTree: Construct from data asset -  0.000 s
[2019.08.31-22.56.36:056][  0]LogStats: UGameplayTagsManager::ConstructGameplayTagTree: ImportINI -  0.000 s
[2019.08.31-22.56.36:056][  0]LogStats: UGameplayTagsManager::ConstructGameplayTagTree: GameplayTagTreeChangedEvent.Broadcast -  0.000 s
[2019.08.31-22.56.36:325][  0]LogInit: Initializing FReadOnlyCVARCache
[2019.08.31-22.56.36:346][  0]LogAIModule: Creating AISystem for world Untitled
[2019.08.31-22.56.36:446][  0]LogInit: XAudio2 using 'Speakers (Realtek High Definition Audio)' : 2 channels at 48 kHz using 32 bits per sample (channel mask 0x3)
[2019.08.31-22.56.36:488][  0]LogInit: FAudioDevice initialized.
[2019.08.31-22.56.36:489][  0]LogNetVersion: Set ProjectVersion to 1.0.0.0. Version Checksum will be recalculated on next use.
[2019.08.31-22.56.36:596][  0]LogDerivedDataCache: Saved boot cache 0.11s 71MB C:/Users/joshua lee/AppData/Local/UnrealEngine/4.21/DerivedDataCache/Boot.ddc.
[2019.08.31-22.56.36:597][  0]LogInit: Texture streaming: Enabled
[2019.08.31-22.56.36:627][  0]LogEngineSessionManager: EngineSessionManager initialized
[2019.08.31-22.56.36:644][  0]LogInit: Transaction tracking system initialized
[2019.08.31-22.56.36:678][  0]BlueprintLog: New page: Editor Load
[2019.08.31-22.56.36:806][  0]LocalizationService: Localization service is disabled
[2019.08.31-22.56.37:511][  0]LogFileCache: Scanning file cache for directory 'D:/Users/joshua lee/Documents/GitHub/Enclave-of-Warriors/EoW/Content/' took 0.02s
[2019.08.31-22.56.37:511][  0]LogCook: Display: Max memory allowance for cook 16384mb min free memory 0mb
[2019.08.31-22.56.37:511][  0]LogCook: Display: Mobile HDR setting 1
[2019.08.31-22.56.37:512][  0]LogGameplayTags: Display: UGameplayTagsManager::DoneAddingNativeTags. DelegateIsBound: 0
[2019.08.31-22.56.37:512][  0]LogStats: UGameplayTagsManager::ConstructGameplayTagTree: ImportINI prefixes -  0.000 s
[2019.08.31-22.56.37:512][  0]LogStats: UGameplayTagsManager::ConstructGameplayTagTree: Construct from data asset -  0.000 s
[2019.08.31-22.56.37:512][  0]LogStats: UGameplayTagsManager::ConstructGameplayTagTree: ImportINI -  0.000 s
[2019.08.31-22.56.37:512][  0]LogStats: UGameplayTagsManager::ConstructGameplayTagTree: GameplayTagTreeChangedEvent.Broadcast -  0.000 s
[2019.08.31-22.56.37:752][  0]SourceControl: Source control is disabled
[2019.08.31-22.56.37:752][  0]Cmd: MAP LOAD FILE="D:/Users/joshua lee/Documents/GitHub/Enclave-of-Warriors/EoW/Content/StarterContent/Maps/Minimal_Default.umap" TEMPLATE=0 SHOWPROGRESS=1 FEATURELEVEL=3
[2019.08.31-22.56.37:753][  0]LightingResults: New page: Lighting Build
[2019.08.31-22.56.37:757][  0]MapCheck: New page: Map Check
[2019.08.31-22.56.37:757][  0]LightingResults: New page: Lighting Build
[2019.08.31-22.56.38:106][  0]LogAIModule: Creating AISystem for world Minimal_Default
[2019.08.31-22.56.38:114][  0]LogEditorServer: Finished looking for orphan Actors (0.000 secs)
[2019.08.31-22.56.38:207][  0]Cmd: MAP CHECKDEP NOCLEARLOG
[2019.08.31-22.56.38:208][  0]MapCheck: Map check complete: 0 Error(s), 0 Warning(s), took 0.124ms to complete.
[2019.08.31-22.56.38:208][  0]LogFileHelpers: Loading map 'Minimal_Default' took 0.455
[2019.08.31-22.56.38:332][  0]LogSlate: Updating window title bar state: overlay mode, drag disabled, window buttons hidden, title bar hidden
[2019.08.31-22.56.38:341][  0]LogSlate: Updating window title bar state: overlay mode, drag disabled, window buttons hidden, title bar hidden
[2019.08.31-22.56.38:351][  0]LogSlate: Updating window title bar state: overlay mode, drag disabled, window buttons hidden, title bar hidden
[2019.08.31-22.56.38:359][  0]LogSlate: Updating window title bar state: overlay mode, drag disabled, window buttons hidden, title bar hidden
[2019.08.31-22.56.38:369][  0]LogCollectionManager: Loaded 0 collections in 0.001510 seconds
[2019.08.31-22.56.38:411][  0]LogFileCache: Scanning file cache for directory 'D:/Users/joshua lee/Documents/GitHub/Enclave-of-Warriors/EoW/Saved/Collections/' took 0.01s
[2019.08.31-22.56.38:411][  0]LogFileCache: Scanning file cache for directory 'D:/Users/joshua lee/Documents/GitHub/Enclave-of-Warriors/EoW/Content/Developers/joshualee/Collections/' took 0.01s
[2019.08.31-22.56.38:411][  0]LogFileCache: Scanning file cache for directory 'D:/Users/joshua lee/Documents/GitHub/Enclave-of-Warriors/EoW/Content/Collections/' took 0.01s
[2019.08.31-22.56.38:411][  0]LogCollectionManager: Rebuilt the GUID cache for 0 collections in 0.000000 seconds
[2019.08.31-22.56.38:424][  0]LogContentBrowser: Native class hierarchy populated in 0.0135 seconds. Added 2651 classes and 620 folders.
[2019.08.31-22.56.38:432][  0]LogContentBrowser: Native class hierarchy updated for 'WidgetCarousel' in 0.0004 seconds. Added 0 classes and 0 folders.
[2019.08.31-22.56.38:433][  0]LogPakFile: Registered encryption key '00000000000000000000000000000000': 0 pak files mounted, 0 remain pending
[2019.08.31-22.56.38:434][  0]LogPakFile: Registered encryption key '00000000000000000000000000000000': 0 pak files mounted, 0 remain pending
[2019.08.31-22.56.38:435][  0]LogPakFile: Registered encryption key '00000000000000000000000000000000': 0 pak files mounted, 0 remain pending
[2019.08.31-22.56.38:435][  0]LogPakFile: Registered encryption key '00000000000000000000000000000000': 0 pak files mounted, 0 remain pending
[2019.08.31-22.56.38:436][  0]LogPakFile: Registered encryption key '00000000000000000000000000000000': 0 pak files mounted, 0 remain pending
[2019.08.31-22.56.38:436][  0]LogPakFile: Registered encryption key '00000000000000000000000000000000': 0 pak files mounted, 0 remain pending
[2019.08.31-22.56.38:438][  0]LogPakFile: Registered encryption key '00000000000000000000000000000000': 0 pak files mounted, 0 remain pending
[2019.08.31-22.56.38:439][  0]LogPakFile: Registered encryption key '00000000000000000000000000000000': 0 pak files mounted, 0 remain pending
[2019.08.31-22.56.38:439][  0]LogPakFile: Registered encryption key '00000000000000000000000000000000': 0 pak files mounted, 0 remain pending
[2019.08.31-22.56.38:440][  0]LogPakFile: Registered encryption key '00000000000000000000000000000000': 0 pak files mounted, 0 remain pending
[2019.08.31-22.56.38:440][  0]LogPakFile: Registered encryption key '00000000000000000000000000000000': 0 pak files mounted, 0 remain pending
[2019.08.31-22.56.38:441][  0]LogPakFile: Registered encryption key '00000000000000000000000000000000': 0 pak files mounted, 0 remain pending
[2019.08.31-22.56.38:442][  0]LogPakFile: Registered encryption key '00000000000000000000000000000000': 0 pak files mounted, 0 remain pending
[2019.08.31-22.56.38:442][  0]LogPakFile: Registered encryption key '00000000000000000000000000000000': 0 pak files mounted, 0 remain pending
[2019.08.31-22.56.38:443][  0]LogPakFile: Registered encryption key '00000000000000000000000000000000': 0 pak files mounted, 0 remain pending
[2019.08.31-22.56.38:444][  0]LogPakFile: Registered encryption key '00000000000000000000000000000000': 0 pak files mounted, 0 remain pending
[2019.08.31-22.56.38:444][  0]LogPakFile: Registered encryption key '00000000000000000000000000000000': 0 pak files mounted, 0 remain pending
[2019.08.31-22.56.38:444][  0]LogPakFile: Registered encryption key '00000000000000000000000000000000': 0 pak files mounted, 0 remain pending
[2019.08.31-22.56.38:444][  0]LogPakFile: Registered encryption key '00000000000000000000000000000000': 0 pak files mounted, 0 remain pending
[2019.08.31-22.56.38:445][  0]LogPakFile: Registered encryption key '00000000000000000000000000000000': 0 pak files mounted, 0 remain pending
[2019.08.31-22.56.38:447][  0]LogPakFile: Registered encryption key '00000000000000000000000000000000': 0 pak files mounted, 0 remain pending
[2019.08.31-22.56.38:447][  0]LogPakFile: Registered encryption key '00000000000000000000000000000000': 0 pak files mounted, 0 remain pending
[2019.08.31-22.56.38:448][  0]LogPakFile: Registered encryption key '00000000000000000000000000000000': 0 pak files mounted, 0 remain pending
[2019.08.31-22.56.38:449][  0]LogPakFile: Registered encryption key '00000000000000000000000000000000': 0 pak files mounted, 0 remain pending
[2019.08.31-22.56.38:449][  0]LogPakFile: Registered encryption key '00000000000000000000000000000000': 0 pak files mounted, 0 remain pending
[2019.08.31-22.56.38:450][  0]LogPakFile: Registered encryption key '00000000000000000000000000000000': 0 pak files mounted, 0 remain pending
[2019.08.31-22.56.38:489][  0]LogContentBrowser: Native class hierarchy updated for 'AddContentDialog' in 0.0004 seconds. Added 0 classes and 0 folders.
[2019.08.31-22.56.38:496][  0]LogContentBrowser: Native class hierarchy updated for 'SceneOutliner' in 0.0004 seconds. Added 1 classes and 2 folders.
[2019.08.31-22.56.38:518][  0]LogSlate: Took 0.000209 seconds to synchronously load lazily loaded font '../../../Engine/Content/Slate/Fonts/Roboto-Regular.ttf' (155K)
[2019.08.31-22.56.38:522][  0]LogSlate: Took 0.000282 seconds to synchronously load lazily loaded font '../../../Engine/Content/Slate/Fonts/Roboto-Bold.ttf' (160K)
[2019.08.31-22.56.38:528][  0]LogSlate: Took 0.000234 seconds to synchronously load lazily loaded font '../../../Engine/Content/Editor/Slate/Fonts/FontAwesome.ttf' (139K)
[2019.08.31-22.56.38:623][  0]LogRenderer: Reallocating scene render targets to support 1260x672 Format 10 NumSamples 1 (Frame:1).
[2019.08.31-22.56.38:762][  0]LogContentBrowser: Native class hierarchy updated for 'HierarchicalLODOutliner' in 0.0004 seconds. Added 0 classes and 0 folders.
[2019.08.31-22.56.38:762][  0]LogLoad: (Engine Initialization) Total time: 12.02 seconds
[2019.08.31-22.56.38:762][  0]LogLoad: (Engine Initialization) Total Blueprint compile time: 0.00 seconds
[2019.08.31-22.56.38:824][  0]LogContentStreaming: Texture pool size now 1000 MB
[2019.08.31-22.56.38:833][  0]LogSlate: Took 0.000216 seconds to synchronously load lazily loaded font '../../../Engine/Content/Slate/Fonts/Roboto-Light.ttf' (167K)
[2019.08.31-22.56.38:985][  2]LogAssetRegistry: Asset discovery search completed in 6.8847 seconds
[2019.08.31-22.56.38:987][  2]LogCollectionManager: Rebuilt the object cache for 0 collections in 0.000000 seconds (found 0 objects)
[2019.08.31-22.56.38:987][  2]LogCollectionManager: Fixed up redirectors for 0 collections in 0.000052 seconds (updated 0 objects)
[2019.08.31-22.56.41:806][235]LogSlate: FSceneViewport::OnFocusLost() reason 2
[2019.08.31-22.56.44:661][527]LogSlate: FSceneViewport::OnFocusLost() reason 0
[2019.08.31-22.56.44:877][538]LogSlate: Window 'EoW - Unreal Editor' being destroyed
[2019.08.31-22.56.44:878][538]LogWindowsTextInputMethodSystem: Display: IME system now deactivated.
[2019.08.31-22.56.45:106][539]Cmd: QUIT_EDITOR
[2019.08.31-22.56.45:149][539]LogExit: Preparing to exit.
[2019.08.31-22.56.45:638][539]LogExit: Editor shut down
[2019.08.31-22.56.45:638][539]LogExit: Transaction tracking system shut down
[2019.08.31-22.56.45:966][539]LogExit: Object subsystem successfully closed.
[2019.08.31-22.56.46:124][539]LogShaderCompilers: Display: Shaders left to compile 0
[2019.08.31-22.56.46:128][539]LogD3D11RHI: Shutdown
[2019.08.31-22.56.46:129][539]LogD3D11RHI: CleanupD3DDevice
[2019.08.31-22.56.46:166][539]LogD3D11RHI: ~FD3D11DynamicRHI
[2019.08.31-22.56.46:221][539]LogModuleManager: Shutting down and abandoning module HierarchicalLODOutliner (622)
[2019.08.31-22.56.46:221][539]LogModuleManager: Shutting down and abandoning module SceneOutliner (620)
[2019.08.31-22.56.46:221][539]LogModuleManager: Shutting down and abandoning module AddContentDialog (618)
[2019.08.31-22.56.46:221][539]LogModuleManager: Shutting down and abandoning module WidgetCarousel (617)
[2019.08.31-22.56.46:221][539]LogModuleManager: Shutting down and abandoning module EditorWidgets (614)
[2019.08.31-22.56.46:221][539]LogModuleManager: Shutting down and abandoning module CollectionManager (612)
[2019.08.31-22.56.46:221][539]LogModuleManager: Shutting down and abandoning module StatsViewer (610)
[2019.08.31-22.56.46:221][539]LogModuleManager: Shutting down and abandoning module FoliageEdit (608)
[2019.08.31-22.56.46:222][539]LogModuleManager: Shutting down and abandoning module LandscapeEditor (606)
[2019.08.31-22.56.46:222][539]LogModuleManager: Shutting down and abandoning module MeshPaintMode (604)
[2019.08.31-22.56.46:222][539]LogModuleManager: Shutting down and abandoning module SceneDepthPickerMode (602)
[2019.08.31-22.56.46:222][539]LogModuleManager: Shutting down and abandoning module ActorPickerMode (600)
[2019.08.31-22.56.46:222][539]LogModuleManager: Shutting down and abandoning module GeometryMode (598)
[2019.08.31-22.56.46:222][539]LogModuleManager: Shutting down and abandoning module TextureAlignMode (596)
[2019.08.31-22.56.46:222][539]LogModuleManager: Shutting down and abandoning module BspMode (594)
[2019.08.31-22.56.46:222][539]LogModuleManager: Shutting down and abandoning module PIEPreviewDeviceProfileSelector (592)
[2019.08.31-22.56.46:222][539]LogModuleManager: Shutting down and abandoning module SequenceRecorderSections (590)
[2019.08.31-22.56.46:222][539]LogModuleManager: Shutting down and abandoning module AutomationWorker (588)
[2019.08.31-22.56.46:222][539]LogModuleManager: Shutting down and abandoning module AudioCaptureEditor (586)
[2019.08.31-22.56.46:222][539]LogModuleManager: Shutting down and abandoning module MatineeToLevelSequence (584)
[2019.08.31-22.56.46:222][539]LogModuleManager: Shutting down and abandoning module LevelSequenceEditor (582)
[2019.08.31-22.56.46:222][539]LogModuleManager: Shutting down and abandoning module PlacementMode (581)
[2019.08.31-22.56.46:222][539]LogModuleManager: Shutting down and abandoning module MaterialEditor (580)
[2019.08.31-22.56.46:222][539]LogModuleManager: Shutting down and abandoning module WmfMediaFactory (576)
[2019.08.31-22.56.46:222][539]LogModuleManager: Shutting down and abandoning module WmfMediaEditor (574)
[2019.08.31-22.56.46:222][539]LogModuleManager: Shutting down and abandoning module WebMMediaFactory (572)
[2019.08.31-22.56.46:222][539]LogModuleManager: Shutting down and abandoning module WebMMediaEditor (570)
[2019.08.31-22.56.46:222][539]LogModuleManager: Shutting down and abandoning module WebMMedia (568)
[2019.08.31-22.56.46:222][539]LogModuleManager: Shutting down and abandoning module MediaPlayerEditor (566)
[2019.08.31-22.56.46:222][539]LogModuleManager: Shutting down and abandoning module MediaCompositingEditor (564)
[2019.08.31-22.56.46:222][539]LogModuleManager: Shutting down and abandoning module SequenceRecorder (563)
[2019.08.31-22.56.46:223][539]LogModuleManager: Shutting down and abandoning module OpenExrWrapper (560)
[2019.08.31-22.56.46:223][539]LogModuleManager: Shutting down and abandoning module ImgMediaFactory (558)
[2019.08.31-22.56.46:223][539]LogModuleManager: Shutting down and abandoning module ImgMediaEditor (556)
[2019.08.31-22.56.46:223][539]LogModuleManager: Shutting down and abandoning module AvfMediaFactory (554)
[2019.08.31-22.56.46:223][539]LogModuleManager: Shutting down and abandoning module AvfMediaEditor (552)
[2019.08.31-22.56.46:223][539]LogModuleManager: Shutting down and abandoning module AndroidMediaFactory (550)
[2019.08.31-22.56.46:223][539]LogModuleManager: Shutting down and abandoning module AndroidMediaEditor (548)
[2019.08.31-22.56.46:223][539]LogModuleManager: Shutting down and abandoning module MagicLeapCameraPreviewFactory (546)
[2019.08.31-22.56.46:223][539]LogModuleManager: Shutting down and abandoning module MagicLeapMediaFactory (544)
[2019.08.31-22.56.46:223][539]LogModuleManager: Shutting down and abandoning module MagicLeapMediaEditor (542)
[2019.08.31-22.56.46:223][539]LogModuleManager: Shutting down and abandoning module CharacterAI (540)
[2019.08.31-22.56.46:223][539]LogModuleManager: Shutting down and abandoning module SmartSnapping (538)
[2019.08.31-22.56.46:223][539]LogModuleManager: Shutting down and abandoning module SessionServices (536)
[2019.08.31-22.56.46:223][539]LogModuleManager: Shutting down and abandoning module ViewportSnapping (534)
[2019.08.31-22.56.46:223][539]LogModuleManager: Shutting down and abandoning module ViewportInteraction (532)
[2019.08.31-22.56.46:223][539]LogModuleManager: Shutting down and abandoning module ClothPainter (530)
[2019.08.31-22.56.46:223][539]LogModuleManager: Shutting down and abandoning module SkeletalMeshEditor (529)
[2019.08.31-22.56.46:223][539]LogModuleManager: Shutting down and abandoning module LogVisualizer (526)
[2019.08.31-22.56.46:223][539]LogModuleManager: Shutting down and abandoning module IntroTutorials (524)
[2019.08.31-22.56.46:223][539]LogModuleManager: Shutting down and abandoning module GameProjectGeneration (523)
[2019.08.31-22.56.46:223][539]LogModuleManager: Shutting down and abandoning module LuminPlatformEditor (520)
[2019.08.31-22.56.46:223][539]LogModuleManager: Shutting down and abandoning module IOSPlatformEditor (518)
[2019.08.31-22.56.46:223][539]LogModuleManager: Shutting down and abandoning module HTML5PlatformEditor (516)
[2019.08.31-22.56.46:223][539]LogModuleManager: Shutting down and abandoning module AndroidPlatformEditor (514)
[2019.08.31-22.56.46:223][539]LogModuleManager: Shutting down and abandoning module AndroidDeviceDetection (513)
[2019.08.31-22.56.47:121][539]LogModuleManager: Shutting down and abandoning module WindowsPlatformEditor (510)
[2019.08.31-22.56.47:121][539]LogModuleManager: Shutting down and abandoning module LuminRuntimeSettings (508)
[2019.08.31-22.56.47:121][539]LogModuleManager: Shutting down and abandoning module IOSRuntimeSettings (506)
[2019.08.31-22.56.47:121][539]LogModuleManager: Shutting down and abandoning module AndroidRuntimeSettings (504)
[2019.08.31-22.56.47:121][539]LogModuleManager: Shutting down and abandoning module TimeManagementEditor (502)
[2019.08.31-22.56.47:121][539]LogModuleManager: Shutting down and abandoning module InputBindingEditor (500)
[2019.08.31-22.56.47:121][539]LogModuleManager: Shutting down and abandoning module MergeActors (498)
[2019.08.31-22.56.47:121][539]LogModuleManager: Shutting down and abandoning module LocalizationDashboard (496)
[2019.08.31-22.56.47:121][539]LogModuleManager: Shutting down and abandoning module LocalizationService (495)
[2019.08.31-22.56.47:121][539]LogModuleManager: Shutting down and abandoning module HardwareTargeting (492)
[2019.08.31-22.56.47:121][539]LogModuleManager: Shutting down and abandoning module DeviceProfileEditor (490)
[2019.08.31-22.56.47:121][539]LogModuleManager: Shutting down and abandoning module UndoHistory (488)
[2019.08.31-22.56.47:121][539]LogModuleManager: Shutting down and abandoning module XmlParser (486)
[2019.08.31-22.56.47:121][539]LogModuleManager: Shutting down and abandoning module Blutility (484)
[2019.08.31-22.56.47:121][539]LogModuleManager: Shutting down and abandoning module ProjectSettingsViewer (482)
[2019.08.31-22.56.47:121][539]LogModuleManager: Shutting down and abandoning module ProjectTargetPlatformEditor (481)
[2019.08.31-22.56.47:121][539]LogModuleManager: Shutting down and abandoning module EditorSettingsViewer (478)
[2019.08.31-22.56.47:121][539]LogModuleManager: Shutting down and abandoning module SettingsEditor (476)
[2019.08.31-22.56.47:121][539]LogModuleManager: Shutting down and abandoning module ProjectLauncher (474)
[2019.08.31-22.56.47:121][539]LogModuleManager: Shutting down and abandoning module SessionFrontend (472)
[2019.08.31-22.56.47:121][539]LogModuleManager: Shutting down and abandoning module ProfilerClient (470)
[2019.08.31-22.56.47:121][539]LogModuleManager: Shutting down and abandoning module DeviceManager (468)
[2019.08.31-22.56.47:121][539]LogModuleManager: Shutting down and abandoning module TargetDeviceServices (467)
[2019.08.31-22.56.47:177][539]LogModuleManager: Shutting down and abandoning module AutomationController (464)
[2019.08.31-22.56.47:177][539]LogModuleManager: Shutting down and abandoning module AutomationWindow (462)
[2019.08.31-22.56.47:177][539]LogModuleManager: Shutting down and abandoning module Layers (460)
[2019.08.31-22.56.47:177][539]LogModuleManager: Shutting down and abandoning module ComponentVisualizers (458)
[2019.08.31-22.56.47:177][539]LogModuleManager: Shutting down and abandoning module DetailCustomizations (456)
[2019.08.31-22.56.47:177][539]LogModuleManager: Shutting down and abandoning module PackagesDialog (454)
[2019.08.31-22.56.47:177][539]LogModuleManager: Shutting down and abandoning module Persona (452)
[2019.08.31-22.56.47:177][539]LogModuleManager: Shutting down and abandoning module AdvancedPreviewScene (451)
[2019.08.31-22.56.47:177][539]LogModuleManager: Shutting down and abandoning module AnimGraph (449)
[2019.08.31-22.56.47:177][539]LogModuleManager: Shutting down and abandoning module Kismet (446)
[2019.08.31-22.56.47:177][539]LogModuleManager: Shutting down and abandoning module GraphEditor (444)
[2019.08.31-22.56.47:177][539]LogModuleManager: Shutting down and abandoning module ClassViewer (442)
[2019.08.31-22.56.47:177][539]LogModuleManager: Shutting down and abandoning module Toolbox (440)
[2019.08.31-22.56.47:177][539]LogModuleManager: Shutting down and abandoning module ModuleUI (438)
[2019.08.31-22.56.47:178][539]LogModuleManager: Shutting down and abandoning module MovieSceneTools (436)
[2019.08.31-22.56.47:178][539]LogModuleManager: Shutting down and abandoning module OutputLog (434)
[2019.08.31-22.56.47:178][539]LogModuleManager: Shutting down and abandoning module GammaUI (432)
[2019.08.31-22.56.47:178][539]LogModuleManager: Shutting down and abandoning module Documentation (430)
[2019.08.31-22.56.47:178][539]LogModuleManager: Shutting down and abandoning module MovieSceneTracks (428)
[2019.08.31-22.56.47:178][539]LogModuleManager: Shutting down and abandoning module MovieScene (426)
[2019.08.31-22.56.47:178][539]LogModuleManager: Shutting down and abandoning module StreamingPauseRendering (424)
[2019.08.31-22.56.47:178][539]LogModuleManager: Shutting down and abandoning module LauncherPlatform (422)
[2019.08.31-22.56.47:178][539]LogModuleManager: Shutting down and abandoning module AnalyticsET (420)
[2019.08.31-22.56.47:178][539]LogModuleManager: Shutting down and abandoning module PortalServices (418)
[2019.08.31-22.56.47:178][539]LogModuleManager: Shutting down and abandoning module PortalRpc (416)
[2019.08.31-22.56.47:178][539]LogModuleManager: Shutting down and abandoning module MessagingRpc (414)
[2019.08.31-22.56.47:178][539]LogModuleManager: Shutting down and abandoning module AIModule (412)
[2019.08.31-22.56.47:178][539]LogModuleManager: Shutting down and abandoning module GameplayDebugger (411)
[2019.08.31-22.56.47:178][539]LogModuleManager: Shutting down and abandoning module AITestSuite (409)
[2019.08.31-22.56.47:178][539]LogModuleManager: Shutting down and abandoning module NavigationSystem (407)
[2019.08.31-22.56.47:178][539]LogModuleManager: Shutting down and abandoning module DesktopPlatform (404)
[2019.08.31-22.56.47:178][539]LogModuleManager: Shutting down and abandoning module ImageWriteQueue (402)
[2019.08.31-22.56.47:181][539]LogModuleManager: Shutting down and abandoning module ProfilerService (400)
[2019.08.31-22.56.47:208][539]LogModuleManager: Shutting down and abandoning module TaskGraph (398)
[2019.08.31-22.56.47:208][539]LogModuleManager: Shutting down and abandoning module SteamVRController (396)
[2019.08.31-22.56.47:208][539]LogModuleManager: Shutting down and abandoning module ProceduralMeshComponentEditor (394)
[2019.08.31-22.56.47:208][539]LogModuleManager: Shutting down and abandoning module ProceduralMeshComponent (392)
[2019.08.31-22.56.47:208][539]LogModuleManager: Shutting down and abandoning module OculusInput (390)
[2019.08.31-22.56.47:208][539]LogModuleManager: Shutting down and abandoning module MobilePatchingUtils (388)
[2019.08.31-22.56.47:208][539]LogModuleManager: Shutting down and abandoning module EditableMesh (386)
[2019.08.31-22.56.47:208][539]LogModuleManager: Shutting down and abandoning module CustomMeshComponent (384)
[2019.08.31-22.56.47:208][539]LogModuleManager: Shutting down and abandoning module CableComponent (382)
[2019.08.31-22.56.47:208][539]LogModuleManager: Shutting down and abandoning module AudioCapture (380)
[2019.08.31-22.56.47:208][539]LogModuleManager: Shutting down and abandoning module ArchVisCharacter (378)
[2019.08.31-22.56.47:208][539]LogModuleManager: Shutting down and abandoning module AndroidPermission (376)
[2019.08.31-22.56.47:208][539]LogModuleManager: Shutting down and abandoning module NUTUnrealEngine4 (374)
[2019.08.31-22.56.47:208][539]LogModuleManager: Shutting down and abandoning module NetcodeUnitTest (372)
[2019.08.31-22.56.47:208][539]LogModuleManager: Shutting down and abandoning module MediaCompositing (370)
[2019.08.31-22.56.47:208][539]LogModuleManager: Shutting down and abandoning module LinearTimecode (368)
[2019.08.31-22.56.47:208][539]LogModuleManager: Shutting down and abandoning module ImgMedia (366)
[2019.08.31-22.56.47:212][539]LogModuleManager: Shutting down and abandoning module HTML5Networking (364)
[2019.08.31-22.56.47:212][539]LogModuleManager: Shutting down and abandoning module GeometryCacheTracks (362)
[2019.08.31-22.56.47:212][539]LogModuleManager: Shutting down and abandoning module GeometryCacheSequencer (360)
[2019.08.31-22.56.47:212][539]LogModuleManager: Shutting down and abandoning module BackChannel (358)
[2019.08.31-22.56.47:212][539]LogModuleManager: Shutting down and abandoning module AppleVision (356)
[2019.08.31-22.56.47:212][539]LogModuleManager: Shutting down and abandoning module AppleImageUtilsBlueprintSupport (354)
[2019.08.31-22.56.47:212][539]LogModuleManager: Shutting down and abandoning module AppleImageUtils (352)
[2019.08.31-22.56.47:212][539]LogModuleManager: Shutting down and abandoning module AlembicImporter (350)
[2019.08.31-22.56.47:212][539]LogModuleManager: Shutting down and abandoning module AlembicLibrary (349)
[2019.08.31-22.56.47:212][539]LogModuleManager: Shutting down and abandoning module GeometryCache (348)
[2019.08.31-22.56.47:213][539]LogModuleManager: Shutting down and abandoning module GeometryCacheEd (347)
[2019.08.31-22.56.47:213][539]LogModuleManager: Shutting down and abandoning module VariantManagerContent (342)
[2019.08.31-22.56.47:213][539]LogModuleManager: Shutting down and abandoning module DatasmithContentEditor (340)
[2019.08.31-22.56.47:213][539]LogModuleManager: Shutting down and abandoning module SpeedTreeImporter (338)
[2019.08.31-22.56.47:213][539]LogModuleManager: Shutting down and abandoning module PluginBrowser (336)
[2019.08.31-22.56.47:213][539]LogModuleManager: Shutting down and abandoning module MobileLauncherProfileWizard (334)
[2019.08.31-22.56.47:213][539]LogModuleManager: Shutting down and abandoning module PolygonModeling (332)
[2019.08.31-22.56.47:213][539]LogModuleManager: Shutting down and abandoning module MeshEditor (330)
[2019.08.31-22.56.47:213][539]LogModuleManager: Shutting down and abandoning module CryptoKeysOpenSSL (328)
[2019.08.31-22.56.47:213][539]LogModuleManager: Shutting down and abandoning module CryptoKeys (326)
[2019.08.31-22.56.47:213][539]LogModuleManager: Shutting down and abandoning module VisualStudioSourceCodeAccess (324)
[2019.08.31-22.56.47:213][539]LogModuleManager: Shutting down and abandoning module VisualStudioCodeSourceCodeAccess (322)
[2019.08.31-22.56.47:213][539]LogModuleManager: Shutting down and abandoning module UObjectPlugin (320)
[2019.08.31-22.56.47:213][539]LogModuleManager: Shutting down and abandoning module SubversionSourceControl (318)
[2019.08.31-22.56.47:213][539]LogModuleManager: Shutting down and abandoning module PerforceSourceControl (316)
[2019.08.31-22.56.47:213][539]LogModuleManager: Shutting down and abandoning module GitSourceControl (314)
[2019.08.31-22.56.47:213][539]LogModuleManager: Shutting down and abandoning module SourceControl (313)
[2019.08.31-22.56.47:213][539]LogModuleManager: Shutting down and abandoning module CLionSourceCodeAccess (310)
[2019.08.31-22.56.47:213][539]LogModuleManager: Shutting down and abandoning module ActorLayerUtilitiesEditor (308)
[2019.08.31-22.56.47:213][539]LogModuleManager: Shutting down and abandoning module ActorLayerUtilities (306)
[2019.08.31-22.56.47:213][539]LogModuleManager: Shutting down and abandoning module LightPropagationVolumeEditor (304)
[2019.08.31-22.56.47:213][539]LogModuleManager: Shutting down and abandoning module PaperTiledImporter (302)
[2019.08.31-22.56.47:213][539]LogModuleManager: Shutting down and abandoning module PaperSpriteSheetImporter (300)
[2019.08.31-22.56.47:213][539]LogModuleManager: Shutting down and abandoning module Paper2DEditor (298)
[2019.08.31-22.56.47:213][539]LogModuleManager: Shutting down and abandoning module MeshPaint (297)
[2019.08.31-22.56.47:213][539]LogModuleManager: Shutting down and abandoning module RuntimePhysXCooking (294)
[2019.08.31-22.56.47:213][539]LogModuleManager: Shutting down and abandoning module PhysXVehiclesEditor (292)
[2019.08.31-22.56.47:213][539]LogModuleManager: Shutting down and abandoning module PhysXVehicles (290)
[2019.08.31-22.56.47:213][539]LogModuleManager: Shutting down and abandoning module OculusEditor (288)
[2019.08.31-22.56.47:213][539]LogModuleManager: Shutting down and abandoning module LocationServicesBPLibrary (286)
[2019.08.31-22.56.47:213][539]LogModuleManager: Shutting down and abandoning module ActorSequence (284)
[2019.08.31-22.56.47:213][539]LogModuleManager: Shutting down and abandoning module UdpMessaging (282)
[2019.08.31-22.56.47:315][539]LogModuleManager: Shutting down and abandoning module TcpMessaging (280)
[2019.08.31-22.56.47:416][539]LogModuleManager: Shutting down and abandoning module MagicLeapAudio (278)
[2019.08.31-22.56.47:416][539]LogModuleManager: Shutting down and abandoning module GameplayTagsEditor (276)
[2019.08.31-22.56.47:416][539]LogModuleManager: Shutting down and abandoning module FacialAnimationEditor (274)
[2019.08.31-22.56.47:416][539]LogModuleManager: Shutting down and abandoning module FacialAnimation (272)
[2019.08.31-22.56.47:416][539]LogModuleManager: Shutting down and abandoning module DataValidation (270)
[2019.08.31-22.56.47:416][539]LogModuleManager: Shutting down and abandoning module AssetManagerEditor (268)
[2019.08.31-22.56.47:416][539]LogModuleManager: Shutting down and abandoning module LevelEditor (267)
[2019.08.31-22.56.47:416][539]LogModuleManager: Shutting down and abandoning module PixelInspectorModule (266)
[2019.08.31-22.56.47:416][539]LogModuleManager: Shutting down and abandoning module CommonMenuExtensions (264)
[2019.08.31-22.56.47:416][539]LogModuleManager: Shutting down and abandoning module MainFrame (262)
[2019.08.31-22.56.47:416][539]LogModuleManager: Shutting down and abandoning module HotReload (261)
[2019.08.31-22.56.47:416][539]LogModuleManager: Shutting down and abandoning module ContentBrowser (257)
[2019.08.31-22.56.47:417][539]LogModuleManager: Shutting down and abandoning module TreeMap (255)
[2019.08.31-22.56.47:417][539]LogModuleManager: Shutting down and abandoning module LightPropagationVolumeRuntime (252)
[2019.08.31-22.56.47:417][539]LogModuleManager: Shutting down and abandoning module AISupportModule (250)
[2019.08.31-22.56.47:418][539]LogModuleManager: Shutting down and abandoning module Paper2D (248)
[2019.08.31-22.56.47:418][539]LogModuleManager: Shutting down and abandoning module WindowsMoviePlayer (246)
[2019.08.31-22.56.47:418][539]LogModuleManager: Shutting down and abandoning module WebMMoviePlayer (244)
[2019.08.31-22.56.47:418][539]LogModuleManager: Shutting down and abandoning module WmfMedia (242)
[2019.08.31-22.56.47:420][539]LogModuleManager: Shutting down and abandoning module Media (241)
[2019.08.31-22.56.47:427][539]LogModuleManager: Shutting down and abandoning module PacketHandler (238)
[2019.08.31-22.56.47:427][539]LogModuleManager: Shutting down and abandoning module ClothingSystemEditor (236)
[2019.08.31-22.56.47:427][539]LogModuleManager: Shutting down and abandoning module ClothingSystemRuntime (234)
[2019.08.31-22.56.47:427][539]LogModuleManager: Shutting down and abandoning module MediaAssets (232)
[2019.08.31-22.56.47:427][539]LogModuleManager: Shutting down and abandoning module Overlay (230)
[2019.08.31-22.56.47:427][539]LogModuleManager: Shutting down and abandoning module OverlayEditor (229)
[2019.08.31-22.56.47:427][539]LogModuleManager: Shutting down and abandoning module VREditor (226)
[2019.08.31-22.56.47:427][539]LogModuleManager: Shutting down and abandoning module StringTableEditor (224)
[2019.08.31-22.56.47:427][539]LogModuleManager: Shutting down and abandoning module GameplayTasksEditor (222)
[2019.08.31-22.56.47:427][539]LogModuleManager: Shutting down and abandoning module BehaviorTreeEditor (220)
[2019.08.31-22.56.47:427][539]LogModuleManager: Shutting down and abandoning module FunctionalTesting (218)
[2019.08.31-22.56.47:427][539]LogModuleManager: Shutting down and abandoning module CollisionAnalyzer (216)
[2019.08.31-22.56.47:427][539]LogModuleManager: Shutting down and abandoning module WorkspaceMenuStructure (215)
[2019.08.31-22.56.47:427][539]LogModuleManager: Shutting down and abandoning module UMG (212)
[2019.08.31-22.56.47:427][539]LogModuleManager: Shutting down and abandoning module UMGEditor (211)
[2019.08.31-22.56.47:427][539]LogModuleManager: Shutting down and abandoning module Sequencer (210)
[2019.08.31-22.56.47:427][539]LogModuleManager: Shutting down and abandoning module MessageLog (207)
[2019.08.31-22.56.47:427][539]LogModuleManager: Shutting down and abandoning module SlateReflector (202)
[2019.08.31-22.56.47:427][539]LogModuleManager: Shutting down and abandoning module Slate (200)
[2019.08.31-22.56.47:427][539]LogModuleManager: Shutting down and abandoning module EditorStyle (198)
[2019.08.31-22.56.47:428][539]LogModuleManager: Shutting down and abandoning module MRMesh (196)
[2019.08.31-22.56.47:430][539]LogModuleManager: Shutting down and abandoning module SourceCodeAccess (194)
[2019.08.31-22.56.47:430][539]LogModuleManager: Shutting down and abandoning module HeadMountedDisplay (192)
[2019.08.31-22.56.47:430][539]LogModuleManager: Shutting down and abandoning module XAudio2 (190)
[2019.08.31-22.56.47:430][539]LogModuleManager: Shutting down and abandoning module Networking (188)
[2019.08.31-22.56.47:430][539]LogModuleManager: Shutting down and abandoning module Core (186)
[2019.08.31-22.56.47:430][539]LogModuleManager: Shutting down and abandoning module LevelSequence (184)
[2019.08.31-22.56.47:430][539]LogModuleManager: Shutting down and abandoning module KismetCompiler (182)
[2019.08.31-22.56.47:430][539]LogModuleManager: Shutting down and abandoning module MeshUtilities (180)
[2019.08.31-22.56.47:430][539]LogModuleManager: Shutting down and abandoning module MeshMergeUtilities (179)
[2019.08.31-22.56.47:430][539]LogModuleManager: Shutting down and abandoning module MeshReductionInterface (178)
[2019.08.31-22.56.47:430][539]LogModuleManager: Shutting down and abandoning module SimplygonSwarm (177)
[2019.08.31-22.56.47:430][539]LogModuleManager: Shutting down and abandoning module ProxyLODMeshReduction (175)
[2019.08.31-22.56.47:430][539]LogModuleManager: Shutting down and abandoning module SimplygonMeshReduction (173)
[2019.08.31-22.56.47:430][539]LogModuleManager: Shutting down and abandoning module QuadricMeshReduction (171)
[2019.08.31-22.56.47:430][539]LogModuleManager: Shutting down and abandoning module MaterialBaking (167)
[2019.08.31-22.56.47:430][539]LogModuleManager: Shutting down and abandoning module DirectoryWatcher (163)
[2019.08.31-22.56.47:430][539]LogModuleManager: Shutting down and abandoning module DerivedDataCache (160)
[2019.08.31-22.56.47:504][539]LogDerivedDataCache: Shutdown
[2019.08.31-22.56.47:504][539]LogModuleManager: Shutting down and abandoning module XGEController (158)
[2019.08.31-22.56.47:504][539]LogXGEController: Cleaning working directory: C:/Users/joshua lee/AppData/Local/Temp/UnrealXGEWorkingDir/
[2019.08.31-22.56.47:505][539]LogModuleManager: Shutting down and abandoning module TargetPlatform (156)
[2019.08.31-22.56.47:505][539]LogModuleManager: Shutting down and abandoning module VulkanShaderFormat (155)
[2019.08.31-22.56.47:505][539]LogModuleManager: Shutting down and abandoning module ShaderFormatVectorVM (153)
[2019.08.31-22.56.47:505][539]LogModuleManager: Shutting down and abandoning module ShaderFormatOpenGL (151)
[2019.08.31-22.56.47:505][539]LogModuleManager: Shutting down and abandoning module ShaderFormatD3D (149)
[2019.08.31-22.56.47:505][539]LogModuleManager: Shutting down and abandoning module MetalShaderFormat (147)
[2019.08.31-22.56.47:505][539]LogModuleManager: Shutting down and abandoning module TextureFormatUncompressed (145)
[2019.08.31-22.56.47:505][539]LogModuleManager: Shutting down and abandoning module TextureFormatPVR (143)
[2019.08.31-22.56.47:505][539]LogModuleManager: Shutting down and abandoning module TextureFormatDXT (141)
[2019.08.31-22.56.47:505][539]LogModuleManager: Shutting down and abandoning module TextureFormatIntelISPCTexComp (139)
[2019.08.31-22.56.47:505][539]LogModuleManager: Shutting down and abandoning module TextureFormatASTC (137)
[2019.08.31-22.56.47:505][539]LogModuleManager: Shutting down and abandoning module ImageWrapper (136)
[2019.08.31-22.56.47:505][539]LogModuleManager: Shutting down and abandoning module TextureFormatAndroid (133)
[2019.08.31-22.56.47:505][539]LogModuleManager: Shutting down and abandoning module AudioFormatOpus (131)
[2019.08.31-22.56.47:505][539]LogModuleManager: Shutting down and abandoning module AudioFormatOgg (129)
[2019.08.31-22.56.47:505][539]LogModuleManager: Shutting down and abandoning module AudioFormatADPCM (127)
[2019.08.31-22.56.47:505][539]LogModuleManager: Shutting down and abandoning module LuminTargetPlatform (125)
[2019.08.31-22.56.47:506][539]LogModuleManager: Shutting down and abandoning module LinuxTargetPlatform (123)
[2019.08.31-22.56.47:506][539]LogModuleManager: Shutting down and abandoning module LinuxServerTargetPlatform (121)
[2019.08.31-22.56.47:506][539]LogModuleManager: Shutting down and abandoning module LinuxNoEditorTargetPlatform (119)
[2019.08.31-22.56.47:506][539]LogModuleManager: Shutting down and abandoning module LinuxClientTargetPlatform (117)
[2019.08.31-22.56.47:506][539]LogModuleManager: Shutting down and abandoning module TVOSTargetPlatform (115)
[2019.08.31-22.56.47:506][539]LogModuleManager: Shutting down and abandoning module Messaging (113)
[2019.08.31-22.56.47:506][539]LogModuleManager: Shutting down and abandoning module IOSTargetPlatform (111)
[2019.08.31-22.56.47:507][539]LogModuleManager: Shutting down and abandoning module HTML5TargetPlatform (109)
[2019.08.31-22.56.47:507][539]LogModuleManager: Shutting down and abandoning module AndroidTargetPlatform (107)
[2019.08.31-22.56.47:513][539]LogModuleManager: Shutting down and abandoning module WindowsTargetPlatform (105)
[2019.08.31-22.56.47:513][539]LogModuleManager: Shutting down and abandoning module WindowsServerTargetPlatform (103)
[2019.08.31-22.56.47:513][539]LogModuleManager: Shutting down and abandoning module WindowsNoEditorTargetPlatform (101)
[2019.08.31-22.56.47:513][539]LogModuleManager: Shutting down and abandoning module WindowsClientTargetPlatform (99)
[2019.08.31-22.56.47:513][539]LogModuleManager: Shutting down and abandoning module MacTargetPlatform (97)
[2019.08.31-22.56.47:513][539]LogModuleManager: Shutting down and abandoning module MacServerTargetPlatform (95)
[2019.08.31-22.56.47:513][539]LogModuleManager: Shutting down and abandoning module MacNoEditorTargetPlatform (93)
[2019.08.31-22.56.47:513][539]LogModuleManager: Shutting down and abandoning module MacClientTargetPlatform (91)
[2019.08.31-22.56.47:513][539]LogModuleManager: Shutting down and abandoning module AllDesktopTargetPlatform (89)
[2019.08.31-22.56.47:513][539]LogModuleManager: Shutting down and abandoning module InputCore (86)
[2019.08.31-22.56.47:513][539]LogModuleManager: Shutting down and abandoning module Settings (84)
[2019.08.31-22.56.47:514][539]LogModuleManager: Shutting down and abandoning module PhysXCooking (82)
[2019.08.31-22.56.47:514][539]LogModuleManager: Shutting down and abandoning module SteamVR (80)
[2019.08.31-22.56.47:514][539]LogHMD: Freeing OpenVRDLLHandle.
[2019.08.31-22.56.47:514][539]LogModuleManager: Shutting down and abandoning module OculusHMD (78)
[2019.08.31-22.56.47:514][539]LogModuleManager: Shutting down and abandoning module ExampleDeviceProfileSelector (76)
[2019.08.31-22.56.47:514][539]LogModuleManager: Shutting down and abandoning module LauncherChunkInstaller (74)
[2019.08.31-22.56.47:514][539]LogModuleManager: Shutting down and abandoning module OnlineBlueprintSupport (72)
[2019.08.31-22.56.47:514][539]LogModuleManager: Shutting down and abandoning module OnlineSubsystem (68)
[2019.08.31-22.56.47:515][539]LogModuleManager: Shutting down and abandoning module XMPP (63)
[2019.08.31-22.56.47:515][539]LogModuleManager: Shutting down and abandoning module WebSockets (62)
[2019.08.31-22.56.47:520][539]LogModuleManager: Shutting down and abandoning module HTTP (59)
[2019.08.31-22.56.47:520][539]LogHttp: Display: Http module shutting down, but needs to wait on 1 outstanding Http requests:
[2019.08.31-22.56.47:520][539]LogHttp: Display: 	verb=[POST] url=[https://datarouter.ol.epicgames.com/datarouter/api/v1/public/data?SessionID=%7B6BEF480E-4AE2-7589-E2CC-49A00C54445B%7D&AppID=UEEditor.Rocket.Release&AppVersion=4.21.2-4753647%2B%2B%2BUE4%2BRelease-4.21&UserID=370ba1ff4dd80fb92f88479b1858253c%7Caa0578378a344f8797c1ac9b8a918443%7C2f5fdbde-1d67-47ab-9d41-bd7357f7d1a9&AppEnvironment=datacollector-binary&UploadType=eteventstream] status=Processing
[2019.08.31-22.56.47:545][539]LogModuleManager: Shutting down and abandoning module SSL (58)
[2019.08.31-22.56.47:547][539]LogModuleManager: Shutting down and abandoning module MagicLeapIdentity (54)
[2019.08.31-22.56.47:547][539]LogModuleManager: Shutting down and abandoning module MagicLeapHelperVulkan (52)
[2019.08.31-22.56.47:547][539]LogModuleManager: Shutting down and abandoning module MagicLeapHelperOpenGL (50)
[2019.08.31-22.56.47:547][539]LogModuleManager: Shutting down and abandoning module MagicLeapSecureStorage (48)
[2019.08.31-22.56.47:547][539]LogModuleManager: Shutting down and abandoning module MagicLeapHandTracking (46)
[2019.08.31-22.56.47:547][539]LogModuleManager: Shutting down and abandoning module MagicLeapEyeTracker (44)
[2019.08.31-22.56.47:547][539]LogModuleManager: Shutting down and abandoning module MagicLeapController (42)
[2019.08.31-22.56.47:547][539]LogSlate: Slate User Destroyed.  User Index 0, Is Virtual User: 0
[2019.08.31-22.56.47:547][539]LogModuleManager: Shutting down and abandoning module MagicLeap (40)
[2019.08.31-22.56.47:547][539]LogModuleManager: Shutting down and abandoning module DatasmithContent (38)
[2019.08.31-22.56.47:548][539]LogModuleManager: Shutting down and abandoning module AnimationModifiers (36)
[2019.08.31-22.56.47:548][539]LogModuleManager: Shutting down and abandoning module PropertyEditor (35)
[2019.08.31-22.56.47:548][539]LogModuleManager: Shutting down and abandoning module AudioEditor (32)
[2019.08.31-22.56.47:548][539]LogModuleManager: Shutting down and abandoning module TextureCompressor (30)
[2019.08.31-22.56.47:548][539]LogModuleManager: Shutting down and abandoning module ShaderCore (28)
[2019.08.31-22.56.47:548][539]LogModuleManager: Shutting down and abandoning module Landscape (26)
[2019.08.31-22.56.47:548][539]LogModuleManager: Shutting down and abandoning module SlateRHIRenderer (24)
[2019.08.31-22.56.47:548][539]LogModuleManager: Shutting down and abandoning module OpenGLDrv (22)
[2019.08.31-22.56.47:548][539]LogModuleManager: Shutting down and abandoning module D3D11RHI (20)
[2019.08.31-22.56.47:548][539]LogModuleManager: Shutting down and abandoning module AnimGraphRuntime (18)
[2019.08.31-22.56.47:548][539]LogModuleManager: Shutting down and abandoning module Renderer (16)
[2019.08.31-22.56.47:548][539]LogModuleManager: Shutting down and abandoning module Engine (14)
[2019.08.31-22.56.47:548][539]LogModuleManager: Shutting down and abandoning module CoreUObject (12)
[2019.08.31-22.56.47:548][539]LogModuleManager: Shutting down and abandoning module NetworkFile (10)
[2019.08.31-22.56.47:548][539]LogModuleManager: Shutting down and abandoning module CookedIterativeFile (8)
[2019.08.31-22.56.47:548][539]LogModuleManager: Shutting down and abandoning module StreamingFile (6)
[2019.08.31-22.56.47:548][539]LogModuleManager: Shutting down and abandoning module SandboxFile (4)
[2019.08.31-22.56.47:548][539]LogModuleManager: Shutting down and abandoning module PakFile (2)
[2019.08.31-22.56.47:557][539]LogExit: Exiting.
[2019.08.31-22.56.47:563][539]Log file closed, 08/31/19 15:56:47
